09.10.2021,00:00:10,34.5625,80.4375,77.3750,20.8125,37.8125,1.2500
09.10.2021,00:00:45,34.5625,80.4375,77.3125,20.8125,37.8125,1.2500
09.10.2021,00:01:20,34.5625,80.4375,77.3125,20.8125,37.8125,1.2500
09.10.2021,00:01:54,34.5625,80.4375,77.3750,20.8125,37.8125,1.2500
09.10.2021,00:02:29,34.5625,80.4375,77.3750,20.8125,37.8125,1.3750
09.10.2021,00:03:04,34.5625,80.5000,77.3750,20.8125,37.8125,1.5000
09.10.2021,00:03:39,34.5625,80.5000,77.3750,20.8125,37.8125,1.5000
09.10.2021,00:04:14,34.5625,80.5000,77.3750,20.8125,37.8125,1.5000
09.10.2021,00:04:49,34.5625,80.5000,77.3750,20.8125,37.8125,1.3750
09.10.2021,00:05:24,34.5625,80.5000,77.3750,20.8125,37.8125,1.3750
09.10.2021,00:05:59,34.5625,80.5000,77.4375,20.8125,37.8125,1.3750
09.10.2021,00:06:34,34.5625,80.5625,77.4375,20.8125,37.8125,1.3750
09.10.2021,00:07:09,34.5625,80.5625,77.4375,20.8125,37.8125,1.6250
09.10.2021,00:07:43,34.5625,80.5625,77.4375,20.8125,37.8750,1.7500
09.10.2021,00:08:18,34.5625,80.6250,77.5000,20.8125,37.8125,1.6250
09.10.2021,00:08:53,34.5625,80.6250,77.5000,20.8125,37.8750,1.6250
09.10.2021,00:09:28,34.5625,80.6875,77.5625,20.8125,37.8125,1.7500
09.10.2021,00:10:03,34.5625,80.6875,77.5625,20.8125,37.8125,1.5000
09.10.2021,00:10:38,34.5625,80.6875,77.5625,20.8125,37.8125,1.3750
09.10.2021,00:11:13,34.5625,80.6875,77.5625,20.8125,37.8125,1.3750
09.10.2021,00:11:48,34.5625,80.6875,77.5625,20.8750,37.8125,1.3750
09.10.2021,00:12:23,34.5625,80.7500,77.5625,20.8125,37.8750,1.3750
09.10.2021,00:12:57,34.5625,80.7500,77.6250,20.8125,37.8750,1.3750
09.10.2021,00:13:32,34.5625,80.7500,77.6250,20.8125,37.8750,1.3750
09.10.2021,00:14:07,34.5625,80.8125,77.6250,20.8125,37.8750,1.2500
09.10.2021,00:14:42,34.5625,80.8125,77.6250,20.8125,37.8750,1.1250
09.10.2021,00:15:17,34.5625,80.8125,77.6250,20.8125,37.8125,1.1250
09.10.2021,00:15:52,34.5625,80.8125,77.6250,20.8125,37.8750,1.2500
09.10.2021,00:16:27,34.5625,80.8125,77.6875,20.8125,37.8125,1.3750
09.10.2021,00:17:02,34.5625,80.8125,77.6875,20.8125,37.8750,1.1250
09.10.2021,00:17:37,34.5625,80.8125,77.6875,20.8125,37.8125,1.1250
09.10.2021,00:18:11,34.5625,80.8125,77.6250,20.8125,37.8750,1.2500
09.10.2021,00:18:46,34.5625,80.8125,77.6250,20.8125,37.8750,1.2500
09.10.2021,00:19:21,34.5625,80.8125,77.6875,20.8125,37.8750,1.2500
09.10.2021,00:19:56,34.5625,80.8125,77.6875,20.8125,37.8750,1.2500
09.10.2021,00:20:31,34.5625,80.8125,77.6875,20.8125,37.8750,1.3750
09.10.2021,00:21:06,34.5625,80.8125,77.6875,20.8125,37.8750,1.1250
09.10.2021,00:21:41,34.5625,80.8125,77.6875,20.8125,37.8750,1.0000
09.10.2021,00:22:16,34.5625,80.8125,77.7500,20.8125,37.8125,1.0000
09.10.2021,00:22:51,34.5625,80.8750,77.6875,20.8125,37.8750,1.0000
09.10.2021,00:23:25,34.5625,80.8750,77.6875,20.8125,37.8750,1.1250
09.10.2021,00:24:00,34.5625,80.8750,77.6875,20.8125,37.8750,1.0000
09.10.2021,00:24:35,34.5625,80.8750,77.6875,20.8125,37.8750,1.0000
09.10.2021,00:25:10,34.5625,80.8750,77.7500,20.8125,37.8125,0.8750
09.10.2021,00:25:45,34.5625,80.8750,77.7500,20.8125,37.8750,1.0000
09.10.2021,00:26:20,34.5625,80.8750,77.7500,20.8125,37.8750,1.0000
09.10.2021,00:26:55,34.5625,80.8750,77.7500,20.8125,37.8750,1.0000
09.10.2021,00:27:30,34.5625,80.8750,77.7500,20.8125,37.8750,1.0000
09.10.2021,00:28:05,34.5625,80.8750,77.7500,20.8125,37.8750,1.0000
09.10.2021,00:28:39,34.5625,80.8750,77.8125,20.8125,37.8750,1.0000
09.10.2021,00:29:14,34.5625,80.8750,77.8125,20.8125,37.8750,1.1250
09.10.2021,00:29:49,34.5625,80.8750,77.8125,20.8125,37.8750,1.1250
09.10.2021,00:30:24,34.5625,80.9375,77.8125,20.8125,37.8750,1.3750
09.10.2021,00:30:59,34.5625,80.9375,77.8125,20.8125,37.8750,1.2500
09.10.2021,00:31:34,34.5625,80.9375,77.8125,20.8125,37.8750,1.2500
09.10.2021,00:32:09,34.6250,80.9375,77.8125,20.8125,37.8750,1.2500
09.10.2021,00:32:44,34.5625,80.9375,77.8125,20.8125,37.8750,1.2500
09.10.2021,00:33:19,34.5625,80.9375,77.8125,20.8125,37.8750,1.2500
09.10.2021,00:33:53,34.6250,81.0000,77.8125,20.8125,37.8750,1.2500
09.10.2021,00:34:28,34.5625,81.0000,77.8750,20.8125,37.8750,1.2500
09.10.2021,00:35:03,34.5625,81.0625,77.8750,20.8125,37.8750,1.3750
09.10.2021,00:35:38,34.6250,81.0625,77.9375,20.8125,37.8750,1.2500
09.10.2021,00:36:13,34.6250,81.1250,77.9375,20.8125,37.8750,1.0000
09.10.2021,00:36:48,34.6250,81.1250,77.9375,20.8125,37.8750,1.0000
09.10.2021,00:37:23,34.6250,81.1250,78.0000,20.8125,37.8750,1.1250
09.10.2021,00:37:58,34.6250,81.1250,78.0000,20.8125,37.8750,1.0000
09.10.2021,00:38:33,34.6250,81.1875,78.0625,20.8125,37.8750,1.1250
09.10.2021,00:39:07,34.6250,81.1875,78.0625,20.8125,37.8750,1.3750
09.10.2021,00:39:42,34.6250,81.1875,78.0000,20.8125,37.8750,1.3750
09.10.2021,00:40:17,34.6250,81.1875,78.0625,20.8125,37.8750,1.0000
09.10.2021,00:40:52,34.6250,81.2500,78.0625,20.8125,37.9375,0.8750
09.10.2021,00:41:27,34.6250,81.2500,78.0625,20.8125,37.9375,0.8750
09.10.2021,00:42:02,34.6250,81.2500,78.0625,20.8125,37.8750,1.0000
09.10.2021,00:42:37,34.6250,81.2500,78.1250,20.8125,37.8750,1.3750
09.10.2021,00:43:12,34.6250,81.3125,78.1250,20.8125,37.8750,1.3750
09.10.2021,00:43:47,34.6250,81.3125,78.1250,20.8125,37.8750,1.2500
09.10.2021,00:44:21,34.6250,81.3125,78.1250,20.8125,37.9375,1.3750
09.10.2021,00:44:56,34.6250,81.3125,78.1250,20.8125,37.8750,1.3750
09.10.2021,00:45:31,34.6250,81.3125,78.1250,20.8125,37.9375,1.2500
09.10.2021,00:46:06,34.6250,81.3125,78.1250,20.8125,37.9375,1.1250
09.10.2021,00:46:41,34.6250,81.3125,78.1875,20.8125,37.8750,1.2500
09.10.2021,00:47:16,34.6250,81.3750,78.1875,20.8125,37.8750,1.2500
09.10.2021,00:47:51,34.6250,81.3750,78.1250,20.8125,37.9375,1.2500
09.10.2021,00:48:26,34.6250,81.3750,78.1250,20.8125,37.9375,1.2500
09.10.2021,00:49:01,34.6250,81.3750,78.1250,20.8750,37.9375,1.1250
09.10.2021,00:49:35,34.6250,81.3750,78.1250,20.8125,37.9375,1.2500
09.10.2021,00:50:10,34.6250,81.3750,78.1875,20.8125,37.9375,1.2500
09.10.2021,00:50:45,34.6250,81.3750,78.1875,20.8125,37.9375,1.0000
09.10.2021,00:51:20,34.6250,81.3750,78.1250,20.8125,37.9375,0.8750
09.10.2021,00:51:55,34.6250,81.3750,78.1875,20.8125,37.9375,0.8750
09.10.2021,00:52:30,34.6250,81.3750,78.1875,20.8125,37.9375,1.0000
09.10.2021,00:53:05,34.6250,81.3750,78.1875,20.8125,37.9375,1.1250
09.10.2021,00:53:40,34.6250,81.3750,78.1875,20.8125,37.9375,1.0000
09.10.2021,00:54:15,34.6250,81.3750,78.1875,20.8125,37.9375,1.2500
09.10.2021,00:54:49,34.6250,81.3750,78.1875,20.8125,37.9375,1.0000
09.10.2021,00:55:24,34.6250,81.3750,78.1875,20.8125,37.9375,0.8750
09.10.2021,00:55:59,34.6250,81.4375,78.1875,20.8125,37.9375,0.7500
09.10.2021,00:56:34,34.6250,81.4375,78.2500,20.8125,37.9375,0.7500
09.10.2021,00:57:09,34.6250,81.4375,78.3125,20.8125,37.9375,0.8750
09.10.2021,00:57:44,34.6250,81.4375,78.3125,20.8125,37.9375,1.1250
09.10.2021,00:58:19,34.6250,81.4375,78.3125,20.8125,37.9375,1.3750
09.10.2021,00:58:54,34.6250,81.5000,78.3750,20.8125,37.9375,1.1250
09.10.2021,00:59:29,34.6250,81.4375,78.3750,20.8125,37.9375,1.0000
09.10.2021,01:00:03,34.6250,81.4375,78.3750,20.8125,37.9375,1.0000
09.10.2021,01:00:38,34.6875,81.4375,78.3750,20.8125,37.9375,1.1250
09.10.2021,01:01:13,34.6875,81.5000,78.3750,20.8125,37.9375,1.1250
09.10.2021,01:01:48,34.6875,81.5000,78.3750,20.8125,38.0000,1.0000
09.10.2021,01:02:23,34.6875,81.5000,78.3750,20.8125,38.0000,0.8750
09.10.2021,01:02:58,34.6875,81.5000,78.3750,20.8125,38.0000,0.8750
09.10.2021,01:03:33,34.6875,81.5000,78.3750,20.8125,37.9375,1.0000
09.10.2021,01:04:08,34.6875,81.5000,78.3750,20.8125,38.0000,1.0000
09.10.2021,01:04:43,34.6875,81.5000,78.3125,20.8750,38.0000,1.0000
09.10.2021,01:05:18,34.6875,81.5000,78.3125,20.8750,38.0000,0.8750
09.10.2021,01:05:52,34.6875,81.5000,78.3125,20.8125,38.0000,0.8750
09.10.2021,01:06:27,34.6875,81.5000,78.3125,20.8125,38.0000,0.8750
09.10.2021,01:07:02,34.6875,81.5000,78.3125,20.8125,38.0000,1.1250
09.10.2021,01:07:37,34.6875,81.5000,78.3125,20.8125,38.0000,1.0000
09.10.2021,01:08:12,34.6875,81.4375,78.3125,20.8750,38.0000,0.8750
09.10.2021,01:08:47,34.6875,81.4375,78.3125,20.8750,38.0000,0.8750
09.10.2021,01:09:22,34.6875,81.4375,78.2500,20.8125,38.0000,1.0000
09.10.2021,01:09:57,34.6875,81.4375,78.2500,20.8750,38.0000,1.3750
09.10.2021,01:10:32,34.6875,81.4375,78.2500,20.8750,38.0625,1.2500
09.10.2021,01:11:06,34.6875,81.4375,78.3125,20.8750,38.0000,1.2500
09.10.2021,01:11:41,34.6875,81.4375,78.3125,20.8125,38.0000,1.2500
09.10.2021,01:12:16,34.6875,81.4375,78.3125,20.8125,38.0000,1.2500
09.10.2021,01:12:51,34.6875,81.4375,78.3125,20.8125,38.0000,1.1250
09.10.2021,01:13:26,34.6875,81.4375,78.2500,20.8125,38.0000,1.1250
09.10.2021,01:14:01,34.6875,81.3750,78.2500,20.8125,38.0000,1.2500
09.10.2021,01:14:36,34.6875,81.3750,78.1875,20.8125,38.0000,1.2500
09.10.2021,01:15:11,34.6875,81.3750,78.1875,20.8125,38.0000,1.0000
09.10.2021,01:15:46,34.6875,81.3750,78.1875,20.8125,38.0000,1.0000
09.10.2021,01:16:20,34.6875,81.3750,78.1875,20.8750,38.0000,1.1250
09.10.2021,01:16:55,34.6875,81.3125,78.1875,20.8125,38.0000,1.1250
09.10.2021,01:17:30,34.7500,81.3125,78.1875,20.8125,38.0000,1.0000
09.10.2021,01:18:05,34.7500,81.3125,78.1875,20.8125,38.0000,1.0000
09.10.2021,01:18:40,34.7500,81.3125,78.1250,20.8125,38.0000,1.1250
09.10.2021,01:19:15,34.7500,81.3125,78.1875,20.8750,38.0000,1.0000
09.10.2021,01:19:50,34.7500,81.3125,78.1250,20.8125,38.0000,1.0000
09.10.2021,01:20:25,34.6875,81.3125,78.1875,20.8750,38.0000,1.1250
09.10.2021,01:21:00,34.7500,81.3125,78.1875,20.8750,38.0000,1.2500
09.10.2021,01:21:34,34.7500,81.3125,78.1875,20.9375,38.0000,1.1250
09.10.2021,01:22:09,34.7500,81.3125,78.1875,20.9375,38.0000,0.8750
09.10.2021,01:22:44,34.7500,81.3125,78.1250,20.9375,38.0000,0.8750
09.10.2021,01:23:19,34.7500,81.2500,78.1250,20.9375,38.0000,1.1250
09.10.2021,01:23:54,34.7500,81.2500,78.1250,20.9375,38.0000,1.1250
09.10.2021,01:24:29,34.7500,81.2500,78.0625,20.9375,38.0000,1.0000
09.10.2021,01:25:04,34.6875,81.2500,78.0625,20.9375,38.0000,0.8750
09.10.2021,01:25:39,34.7500,81.2500,78.0625,20.9375,38.0000,1.1250
09.10.2021,01:26:14,34.7500,81.2500,78.0625,20.9375,38.0000,1.3750
09.10.2021,01:26:48,34.7500,81.1875,78.1250,20.9375,38.0000,1.0000
09.10.2021,01:27:23,34.7500,81.1875,78.1250,20.9375,37.9375,1.0000
09.10.2021,01:27:58,34.7500,81.1250,78.0625,20.9375,37.9375,1.0000
09.10.2021,01:28:33,34.6875,81.1250,78.0000,20.9375,38.0000,1.0000
09.10.2021,01:29:08,34.7500,81.1250,78.0625,20.9375,37.9375,1.0000
09.10.2021,01:29:43,34.7500,81.0625,78.0000,20.9375,38.0000,1.0000
09.10.2021,01:30:18,34.7500,81.0625,78.0625,20.9375,38.0000,1.2500
09.10.2021,01:30:53,34.7500,81.0625,78.0000,20.9375,38.0000,1.1250
09.10.2021,01:31:28,34.7500,81.0625,78.0000,20.9375,38.0000,1.1250
09.10.2021,01:32:02,34.7500,81.1250,78.0000,20.9375,38.0000,1.0000
09.10.2021,01:32:37,34.7500,81.0625,78.0000,20.9375,38.0625,0.7500
09.10.2021,01:33:12,34.7500,81.0625,77.9375,20.9375,38.1250,0.6250
09.10.2021,01:33:47,34.7500,81.0625,77.9375,20.9375,38.1250,0.6250
09.10.2021,01:34:22,34.7500,81.0625,77.9375,20.9375,38.1875,0.7500
09.10.2021,01:34:57,34.7500,81.1250,77.9375,20.9375,38.1250,1.0000
09.10.2021,01:35:32,34.6875,81.1250,77.9375,20.9375,38.1250,0.8750
09.10.2021,01:36:07,34.6875,81.1250,77.9375,20.9375,38.1250,0.6250
09.10.2021,01:36:42,34.6875,81.1250,78.0000,20.9375,38.1250,0.6250
09.10.2021,01:37:16,34.6875,81.1250,78.0000,20.9375,38.1250,0.8750
09.10.2021,01:37:51,34.6875,81.1250,77.9375,20.9375,38.1250,1.0000
09.10.2021,01:38:26,34.6875,81.1250,77.9375,20.9375,38.1250,1.0000
09.10.2021,01:39:01,34.6875,81.1250,77.9375,20.9375,38.1250,1.1250
09.10.2021,01:39:36,34.6875,81.1250,77.9375,20.9375,38.1250,1.1250
09.10.2021,01:40:11,34.6875,81.1250,77.9375,20.9375,38.1250,1.1250
09.10.2021,01:40:46,34.6875,81.1250,77.9375,20.9375,38.1250,1.0000
09.10.2021,01:41:21,34.6875,81.1250,77.9375,20.9375,38.1250,1.0000
09.10.2021,01:41:56,34.6875,81.0625,77.8750,20.9375,38.1250,1.0000
09.10.2021,01:42:30,34.6875,81.0625,77.9375,20.9375,38.1250,1.0000
09.10.2021,01:43:05,34.6875,81.0625,77.9375,20.9375,38.0625,1.0000
09.10.2021,01:43:40,34.6875,81.0625,77.9375,20.9375,38.0000,1.0000
09.10.2021,01:44:15,34.6875,81.0000,77.8750,20.9375,38.0000,0.8750
09.10.2021,01:44:50,34.6875,81.0000,77.8750,20.9375,37.9375,1.0000
09.10.2021,01:45:25,34.6875,80.9375,77.8125,20.9375,38.0000,1.1250
09.10.2021,01:46:00,34.7500,80.9375,77.8125,20.9375,38.0000,0.8750
09.10.2021,01:46:35,34.7500,80.8750,77.8125,20.9375,38.0000,0.7500
09.10.2021,01:47:10,34.7500,80.8750,77.7500,20.9375,38.0000,0.7500
09.10.2021,01:47:45,34.7500,80.8750,77.7500,20.9375,38.0000,0.8750
09.10.2021,01:48:19,34.7500,80.8750,77.6875,20.9375,38.0625,0.8750
09.10.2021,01:48:54,34.7500,80.8750,77.6875,20.9375,38.1250,1.0000
09.10.2021,01:49:29,34.7500,80.8125,77.6875,20.9375,38.1250,1.3750
09.10.2021,01:50:04,34.7500,80.8125,77.6875,20.9375,38.1250,1.2500
09.10.2021,01:50:39,34.7500,80.8750,77.7500,20.9375,38.1250,1.1250
09.10.2021,01:51:14,34.7500,80.8750,77.7500,20.9375,38.1250,1.0000
09.10.2021,01:51:49,34.6875,80.8750,77.7500,20.9375,38.1250,1.1250
09.10.2021,01:52:24,34.6875,80.8750,77.7500,20.9375,38.1250,0.8750
09.10.2021,01:52:58,34.6875,80.8750,77.6875,20.9375,38.1250,1.0000
09.10.2021,01:53:33,34.6875,80.8750,77.6875,20.9375,38.1250,1.3750
09.10.2021,01:54:08,34.6875,80.8750,77.6875,20.9375,38.0625,1.2500
09.10.2021,01:54:43,34.6875,80.8750,77.6875,20.9375,38.0625,1.2500
09.10.2021,01:55:18,34.6875,80.8125,77.6875,20.9375,38.0625,1.3750
09.10.2021,01:55:53,34.6875,80.8125,77.6875,20.9375,38.0625,1.2500
09.10.2021,01:56:28,34.6875,80.8125,77.6875,20.9375,38.0000,1.0000
09.10.2021,01:57:03,34.6875,80.7500,77.6875,20.9375,38.0000,0.7500
09.10.2021,01:57:38,34.6875,80.7500,77.6875,20.9375,37.9375,0.7500
09.10.2021,01:58:12,34.6875,80.6875,77.6250,20.9375,37.9375,0.8750
09.10.2021,01:58:47,34.6875,80.6875,77.6250,20.9375,37.9375,0.7500
09.10.2021,01:59:22,34.7500,80.6250,77.5625,20.9375,37.9375,0.6250
09.10.2021,01:59:57,34.7500,80.6250,77.5625,20.9375,37.9375,0.7500
09.10.2021,02:00:32,34.7500,80.5625,77.5625,20.9375,37.9375,0.8750
09.10.2021,02:01:07,34.7500,80.6250,77.5625,20.9375,37.9375,1.0000
09.10.2021,02:01:42,34.7500,80.5625,77.5625,20.9375,37.9375,1.0000
09.10.2021,02:02:17,34.7500,80.5625,77.5625,20.9375,37.9375,1.0000
09.10.2021,02:02:52,34.7500,80.5625,77.5625,20.9375,37.9375,0.6250
09.10.2021,02:03:27,34.7500,80.5625,77.5625,20.9375,37.9375,0.7500
09.10.2021,02:04:01,34.7500,80.5625,77.5625,20.9375,37.9375,0.8750
09.10.2021,02:04:36,34.7500,80.5000,77.5625,20.9375,37.8750,1.1250
09.10.2021,02:05:11,34.6875,80.5000,77.5625,20.9375,37.9375,1.1250
09.10.2021,02:05:46,34.6875,80.5000,77.5625,20.9375,37.8750,0.8750
09.10.2021,02:06:21,34.7500,80.5000,77.5625,20.9375,37.9375,1.0000
09.10.2021,02:06:56,34.6875,80.5000,77.5625,20.9375,37.9375,1.1250
09.10.2021,02:07:31,34.6875,80.5625,77.5000,20.9375,37.9375,1.1250
09.10.2021,02:08:06,34.7500,80.5625,77.5000,20.9375,37.9375,1.1250
09.10.2021,02:08:40,34.7500,80.5000,77.5000,20.9375,37.9375,1.1250
09.10.2021,02:09:15,34.6875,80.5625,77.5000,20.9375,37.9375,1.3750
09.10.2021,02:09:50,34.6875,80.5625,77.5000,20.9375,38.0000,1.2500
09.10.2021,02:10:25,34.6875,80.6250,77.5625,20.9375,37.9375,1.0000
09.10.2021,02:11:00,34.6875,80.6250,77.5625,20.9375,37.9375,0.8750
09.10.2021,02:11:35,34.6875,80.6250,77.5625,20.9375,37.9375,0.8750
09.10.2021,02:12:10,34.6875,80.6875,77.6250,20.9375,37.9375,0.8750
09.10.2021,02:12:45,34.6875,80.6875,77.6250,20.9375,37.9375,0.5000
09.10.2021,02:13:20,34.6875,80.6875,77.6250,20.9375,37.9375,0.3750
09.10.2021,02:13:55,34.6875,80.6875,77.6250,20.9375,37.9375,0.5000
09.10.2021,02:14:29,34.6875,80.6875,77.6250,20.9375,37.9375,1.0000
09.10.2021,02:15:04,34.6875,80.7500,77.6250,20.9375,37.9375,0.8750
09.10.2021,02:15:39,34.6875,80.7500,77.6250,20.9375,38.0000,0.8750
09.10.2021,02:16:14,34.6875,80.7500,77.6250,20.9375,37.9375,1.1250
09.10.2021,02:16:49,34.6875,80.7500,77.6875,20.9375,38.0000,1.0000
09.10.2021,02:17:24,34.6875,80.7500,77.6875,20.9375,38.0000,0.7500
09.10.2021,02:17:59,34.6875,80.7500,77.6875,20.9375,38.0000,0.6250
09.10.2021,02:18:34,34.6875,80.8125,77.7500,20.9375,37.9375,0.7500
09.10.2021,02:19:09,34.6875,80.8125,77.7500,20.9375,38.0000,0.6250
09.10.2021,02:19:43,34.6875,80.8125,77.7500,20.9375,38.0000,0.6250
09.10.2021,02:20:18,34.6875,80.8125,77.7500,20.9375,38.0000,0.6250
09.10.2021,02:20:53,34.6875,80.8125,77.7500,20.9375,37.9375,0.5000
09.10.2021,02:21:28,34.6875,80.8125,77.7500,20.9375,37.9375,0.5000
09.10.2021,02:22:03,34.6875,80.8750,77.7500,20.9375,37.9375,0.6250
09.10.2021,02:22:38,34.6875,80.8750,77.7500,20.9375,37.9375,0.5000
09.10.2021,02:23:13,34.6875,80.8750,77.8125,20.9375,37.9375,0.5000
09.10.2021,02:23:48,34.6875,80.8750,77.8125,20.9375,37.9375,0.5000
09.10.2021,02:24:22,34.6875,80.9375,77.8125,20.9375,37.9375,0.6250
09.10.2021,02:24:57,34.6875,80.8750,77.8125,20.9375,37.9375,0.6250
09.10.2021,02:25:32,34.6875,80.9375,77.8125,20.9375,37.9375,0.5000
09.10.2021,02:26:07,34.6875,80.9375,77.8125,20.9375,37.9375,0.5000
09.10.2021,02:26:42,34.6875,80.9375,77.8125,20.9375,37.9375,0.6250
09.10.2021,02:27:17,34.6875,80.9375,77.8750,20.9375,37.9375,0.3750
09.10.2021,02:27:52,34.6875,80.9375,77.8750,20.9375,37.9375,0.2500
09.10.2021,02:28:27,34.6875,80.9375,77.8750,20.9375,37.9375,0.1250
09.10.2021,02:29:02,34.6875,81.0000,77.8750,20.9375,37.8750,0.2500
09.10.2021,02:29:37,34.6875,80.9375,77.8750,20.9375,37.9375,0.5000
09.10.2021,02:30:11,34.6875,81.0000,77.8750,20.9375,37.9375,0.3750
09.10.2021,02:30:46,34.6875,80.9375,77.8750,20.9375,37.9375,0.2500
09.10.2021,02:31:21,34.6875,81.0000,77.8750,20.9375,37.9375,0.2500
09.10.2021,02:31:56,34.6875,81.0000,77.8750,20.9375,37.9375,0.2500
09.10.2021,02:32:31,34.6875,81.0000,77.8750,20.9375,37.9375,0.3750
09.10.2021,02:33:06,34.6875,80.9375,77.8750,20.9375,37.9375,0.5000
09.10.2021,02:33:41,34.6875,81.0000,77.8750,20.9375,37.9375,0.5000
09.10.2021,02:34:16,34.6875,81.0000,77.8750,20.9375,38.0000,0.5000
09.10.2021,02:34:51,34.6875,81.0000,77.8750,20.9375,38.0625,0.3750
09.10.2021,02:35:25,34.6875,81.0000,77.8125,20.9375,38.0625,0.1250
09.10.2021,02:36:00,34.6875,81.0000,77.8125,20.8750,38.0625,0.1250
09.10.2021,02:36:35,34.6875,81.0000,77.8750,20.8750,38.0625,0.1250
09.10.2021,02:37:10,34.6250,81.0625,77.8750,20.9375,38.0625,0.0000
09.10.2021,02:37:45,34.6250,81.0625,77.8750,20.8750,38.0625,0.1250
09.10.2021,02:38:20,34.6250,81.0625,77.8750,20.9375,38.0625,0.1250
09.10.2021,02:38:55,34.6250,81.0625,77.8750,20.8750,38.0625,0.2500
09.10.2021,02:39:30,34.6250,81.0000,77.8750,20.9375,38.0000,0.3750
09.10.2021,02:40:05,34.6250,81.0000,77.8750,20.9375,37.9375,0.3750
09.10.2021,02:40:39,34.6250,81.0000,77.8750,20.8750,37.9375,0.1250
09.10.2021,02:41:14,34.6250,81.0000,77.8750,20.8750,38.0000,0.1250
09.10.2021,02:41:49,34.6250,80.9375,77.8125,20.8750,38.0000,0.1250
09.10.2021,02:42:24,34.6250,80.9375,77.8125,20.8750,38.0625,0.3750
09.10.2021,02:42:59,34.6250,80.9375,77.7500,20.9375,38.0625,0.3750
09.10.2021,02:43:34,34.6250,80.9375,77.7500,20.9375,38.0625,0.2500
09.10.2021,02:44:09,34.6875,80.9375,77.7500,20.8750,38.0625,0.2500
09.10.2021,02:44:44,34.6875,80.9375,77.7500,20.8750,38.0625,0.2500
09.10.2021,02:45:18,34.6250,80.9375,77.7500,20.9375,38.0625,0.1250
09.10.2021,02:45:53,34.6250,80.9375,77.7500,20.9375,38.0625,0.1250
09.10.2021,02:46:28,34.6250,80.9375,77.7500,20.9375,38.0625,0.3750
09.10.2021,02:47:03,34.6250,80.8750,77.7500,20.9375,38.0625,0.3750
09.10.2021,02:47:38,34.6250,80.9375,77.7500,20.9375,38.0625,0.2500
09.10.2021,02:48:13,34.6250,80.8750,77.7500,20.8750,38.0625,0.1250
09.10.2021,02:48:48,34.6250,80.8750,77.7500,20.9375,38.0625,0.1250
09.10.2021,02:49:23,34.6250,80.8750,77.7500,20.8750,38.0625,0.3750
09.10.2021,02:49:58,34.6250,80.8750,77.6875,20.9375,38.0625,0.2500
09.10.2021,02:50:33,34.6250,80.8750,77.6875,20.9375,38.0625,0.1250
09.10.2021,02:51:07,34.6250,80.8750,77.6875,20.9375,38.0625,0.1250
09.10.2021,02:51:42,34.6250,80.8125,77.6250,20.9375,38.0625,0.1250
09.10.2021,02:52:17,34.6250,80.8125,77.6250,20.9375,38.0625,0.2500
09.10.2021,02:52:52,34.6250,80.8125,77.6250,20.9375,38.0000,0.1250
09.10.2021,02:53:27,34.6250,80.7500,77.6250,20.8750,38.0000,0.0000
09.10.2021,02:54:02,34.6250,80.7500,77.6250,20.8750,38.0625,-0.1250
09.10.2021,02:54:37,34.6250,80.7500,77.5625,20.9375,38.0625,-0.1250
09.10.2021,02:55:12,34.6250,80.6875,77.6250,20.8750,38.0000,-0.1250
09.10.2021,02:55:47,34.6250,80.6875,77.6250,20.8750,37.9375,0.1250
09.10.2021,02:56:21,34.6250,80.6875,77.6250,20.9375,37.9375,0.0000
09.10.2021,02:56:56,34.6250,80.6250,77.6250,20.9375,37.9375,0.0000
09.10.2021,02:57:31,34.6250,80.6250,77.5625,20.9375,37.9375,0.0000
09.10.2021,02:58:06,34.6250,80.5625,77.5625,20.9375,37.9375,0.1250
09.10.2021,02:58:41,34.6250,80.5625,77.5000,20.8750,37.9375,0.1250
09.10.2021,02:59:16,34.6250,80.5000,77.5000,20.9375,37.9375,0.1250
09.10.2021,02:59:51,34.6250,80.5000,77.4375,20.8750,37.9375,0.1250
09.10.2021,03:00:26,34.6875,80.5000,77.4375,20.8750,37.9375,0.1250
09.10.2021,03:01:01,34.6875,80.5000,77.4375,20.8750,37.9375,0.1250
09.10.2021,03:01:35,34.6250,80.5000,77.5000,20.9375,37.9375,0.1250
09.10.2021,03:02:10,34.6250,80.5000,77.4375,20.8750,37.8750,0.1250
09.10.2021,03:02:45,34.6250,80.4375,77.4375,20.8750,37.8750,0.0000
09.10.2021,03:03:20,34.6250,80.4375,77.3750,20.8750,37.8750,0.1250
09.10.2021,03:03:55,34.6250,80.4375,77.3750,20.8750,37.8750,0.1250
09.10.2021,03:04:30,34.6250,80.4375,77.3750,20.8750,37.8750,0.1250
09.10.2021,03:05:05,34.6250,80.3750,77.3750,20.8750,37.8750,0.1250
09.10.2021,03:05:40,34.6250,80.3750,77.3125,20.8750,37.8125,0.3750
09.10.2021,03:06:15,34.6250,80.3750,77.3125,20.8750,37.8750,0.5000
09.10.2021,03:06:49,34.6250,80.3750,77.3125,20.8750,37.8125,0.6250
09.10.2021,03:07:24,34.6250,80.3125,77.3125,20.9375,37.8750,0.8750
09.10.2021,03:07:59,34.6250,80.3125,77.3125,20.8750,37.8750,0.5000
09.10.2021,03:08:34,34.6250,80.3125,77.2500,20.8750,37.8750,0.2500
09.10.2021,03:09:09,34.6250,80.2500,77.2500,20.8750,37.8125,0.1250
09.10.2021,03:09:44,34.6250,80.2500,77.1875,20.8750,37.8750,0.1250
09.10.2021,03:10:19,34.6250,80.2500,77.1875,20.8750,37.8125,0.1250
09.10.2021,03:10:54,34.6250,80.1875,77.1875,20.8750,37.8125,0.1250
09.10.2021,03:11:29,34.6250,80.1875,77.1875,20.8750,37.8125,0.1250
09.10.2021,03:12:03,34.6250,80.1875,77.1875,20.8750,37.7500,0.3750
09.10.2021,03:12:38,34.6250,80.1875,77.1875,20.8750,37.8125,0.6250
09.10.2021,03:13:13,34.6250,80.1250,77.1875,20.8750,37.8125,0.5000
09.10.2021,03:13:48,34.6250,80.1875,77.1875,20.8750,37.8125,0.3750
09.10.2021,03:14:23,34.6250,80.1250,77.1250,20.8750,37.7500,0.3750
09.10.2021,03:14:58,34.6250,80.1250,77.1250,20.8750,37.8125,0.3750
09.10.2021,03:15:33,34.6250,80.1250,77.1250,20.8750,37.7500,0.3750
09.10.2021,03:16:08,34.6250,80.1250,77.1250,20.8750,37.8125,0.3750
09.10.2021,03:16:43,34.6250,80.1250,77.1250,20.9375,37.8125,0.2500
09.10.2021,03:17:17,34.6250,80.1250,77.1250,20.8750,37.7500,0.1250
09.10.2021,03:17:52,34.6250,80.1250,77.1250,20.8750,37.7500,0.1250
09.10.2021,03:18:27,34.6250,80.1250,77.1250,20.8750,37.7500,0.0000
09.10.2021,03:19:02,34.6250,80.1250,77.0625,20.8750,37.7500,0.0000
09.10.2021,03:19:37,34.6250,80.1250,77.0625,20.8750,37.7500,0.1250
09.10.2021,03:20:12,34.6250,80.1250,77.0625,20.8750,37.7500,0.3750
09.10.2021,03:20:47,34.6250,80.1250,77.1250,20.8750,37.6875,0.3750
09.10.2021,03:21:22,34.6250,80.1250,77.1250,20.8750,37.7500,0.2500
09.10.2021,03:21:57,34.6250,80.1250,77.1250,20.8750,37.7500,0.2500
09.10.2021,03:22:31,34.6250,80.1250,77.1250,20.8750,37.7500,0.2500
09.10.2021,03:23:06,34.6250,80.1250,77.1250,20.8750,37.7500,0.2500
09.10.2021,03:23:41,34.6250,80.0625,77.1250,20.8750,37.7500,0.2500
09.10.2021,03:24:16,34.6250,80.1250,77.1250,20.8750,37.7500,0.3750
09.10.2021,03:24:51,34.6250,80.0625,77.1250,20.8750,37.7500,0.2500
09.10.2021,03:25:26,34.6250,80.1250,77.1875,20.8750,37.7500,0.2500
09.10.2021,03:26:01,34.6250,80.1250,77.1875,20.8750,37.7500,0.1250
09.10.2021,03:26:36,34.6250,80.1250,77.1875,20.8750,37.7500,0.1250
09.10.2021,03:27:11,34.6250,80.0625,77.1875,20.8750,37.7500,0.2500
09.10.2021,03:27:46,34.6250,80.0625,77.1875,20.8750,37.7500,0.2500
09.10.2021,03:28:20,34.6250,80.0625,77.1875,20.8750,37.7500,0.5000
09.10.2021,03:28:55,34.6250,80.0625,77.1250,20.8750,37.7500,0.7500
09.10.2021,03:29:30,34.5625,80.0625,77.1875,20.8750,37.6875,0.6250
09.10.2021,03:30:05,34.6250,80.0625,77.1250,20.8750,37.7500,0.6250
09.10.2021,03:30:40,34.6250,80.1250,77.1875,20.8750,37.7500,0.5000
09.10.2021,03:31:15,34.5625,80.1250,77.1875,20.8750,37.7500,0.6250
09.10.2021,03:31:50,34.5625,80.1250,77.1875,20.8750,37.6875,0.5000
09.10.2021,03:32:25,34.5625,80.1250,77.1875,20.8750,37.6875,0.3750
09.10.2021,03:32:59,34.5625,80.1250,77.1875,20.8750,37.6875,0.3750
09.10.2021,03:33:34,34.6250,80.1250,77.2500,20.8750,37.6875,0.3750
09.10.2021,03:34:09,34.5625,80.1875,77.2500,20.8750,37.6875,0.2500
09.10.2021,03:34:44,34.5625,80.1875,77.2500,20.8750,37.6875,0.3750
09.10.2021,03:35:19,34.5625,80.1875,77.2500,20.8750,37.6875,0.3750
09.10.2021,03:35:54,34.5625,80.1875,77.1875,20.8750,37.6875,0.3750
09.10.2021,03:36:29,34.5625,80.2500,77.2500,20.8750,37.6875,0.5000
09.10.2021,03:37:04,34.5625,80.1875,77.2500,20.8750,37.6875,0.5000
09.10.2021,03:37:39,34.5625,80.2500,77.2500,20.8750,37.6875,0.5000
09.10.2021,03:38:13,34.5625,80.2500,77.3125,20.8750,37.6875,0.5000
09.10.2021,03:38:48,34.5625,80.2500,77.2500,20.8750,37.6875,0.5000
09.10.2021,03:39:23,34.5625,80.3125,77.3125,20.8750,37.7500,0.5000
09.10.2021,03:39:58,34.5625,80.3125,77.3125,20.8750,37.7500,0.6250
09.10.2021,03:40:33,34.5625,80.3125,77.3125,20.8750,37.6875,0.7500
09.10.2021,03:41:08,34.5625,80.3125,77.3125,20.8750,37.6875,0.8750
09.10.2021,03:41:43,34.5625,80.3125,77.3750,20.8750,37.6875,0.7500
09.10.2021,03:42:18,34.5625,80.3125,77.3750,20.8750,37.6875,0.7500
09.10.2021,03:42:53,34.5625,80.3125,77.3750,20.8750,37.7500,0.8750
09.10.2021,03:43:28,34.5625,80.3125,77.3750,20.8750,37.6875,0.8750
09.10.2021,03:44:02,34.5625,80.3125,77.3750,20.8750,37.7500,0.8750
09.10.2021,03:44:37,34.5625,80.3750,77.3750,20.8750,37.7500,1.0000
09.10.2021,03:45:12,34.5625,80.3125,77.4375,20.8750,37.7500,1.1250
09.10.2021,03:45:47,34.5625,80.3125,77.3750,20.8750,37.6875,1.1250
09.10.2021,03:46:22,34.5625,80.3125,77.4375,20.8750,37.7500,1.1250
09.10.2021,03:46:57,34.5625,80.3750,77.3750,20.8750,37.7500,1.0000
09.10.2021,03:47:32,34.5625,80.3125,77.4375,20.8750,37.6875,0.8750
09.10.2021,03:48:07,34.5625,80.3750,77.4375,20.8750,37.6875,1.0000
09.10.2021,03:48:41,34.5625,80.3125,77.3750,20.8750,37.6875,1.1250
09.10.2021,03:49:16,34.5625,80.3750,77.3750,20.8750,37.6875,1.2500
09.10.2021,03:49:51,34.5625,80.3125,77.3750,20.8750,37.7500,1.2500
09.10.2021,03:50:26,34.5625,80.3125,77.3750,20.8750,37.7500,1.1250
09.10.2021,03:51:01,34.5625,80.3125,77.3750,20.8750,37.6875,1.0000
09.10.2021,03:51:36,34.5625,80.3125,77.3125,20.8750,37.6875,1.1250
09.10.2021,03:52:11,34.5625,80.3125,77.3125,20.8750,37.6875,1.1250
09.10.2021,03:52:46,34.5625,80.3125,77.3125,20.8750,37.6875,1.1250
09.10.2021,03:53:21,34.5625,80.3125,77.3125,20.8750,37.6875,1.0000
09.10.2021,03:53:56,34.5625,80.3125,77.3125,20.8750,37.7500,1.0000
09.10.2021,03:54:30,34.5625,80.3125,77.3125,20.8750,37.6875,1.0000
09.10.2021,03:55:05,34.5625,80.3125,77.3125,20.8750,37.7500,1.1250
09.10.2021,03:55:40,34.5625,80.3125,77.3125,20.8750,37.7500,1.1250
09.10.2021,03:56:15,34.5625,80.3125,77.3125,20.8750,37.7500,1.2500
09.10.2021,03:56:50,34.5625,80.3125,77.3125,20.8750,37.6875,1.2500
09.10.2021,03:57:25,34.5625,80.3125,77.3125,20.8750,37.7500,1.2500
09.10.2021,03:58:00,34.5625,80.2500,77.3125,20.8750,37.6875,1.2500
09.10.2021,03:58:35,34.5625,80.3125,77.2500,20.8750,37.7500,1.3750
09.10.2021,03:59:10,34.5625,80.2500,77.2500,20.8750,37.7500,1.3750
09.10.2021,03:59:44,34.5625,80.3125,77.2500,20.8750,37.7500,1.3750
09.10.2021,04:00:19,34.5625,80.2500,77.2500,20.8750,37.7500,1.2500
09.10.2021,04:00:54,34.5625,80.2500,77.3125,20.8750,37.7500,1.0000
09.10.2021,04:01:29,34.5625,80.2500,77.3125,20.8750,37.6875,1.1250
09.10.2021,04:02:04,34.5625,80.2500,77.2500,20.8750,37.7500,1.1250
09.10.2021,04:02:39,34.5625,80.2500,77.2500,20.8750,37.7500,1.2500
09.10.2021,04:03:14,34.5625,80.3125,77.2500,20.8750,37.7500,1.0000
09.10.2021,04:03:49,34.5625,80.2500,77.3125,20.8750,37.7500,0.8750
09.10.2021,04:04:23,34.5625,80.2500,77.3125,20.8750,37.7500,1.0000
09.10.2021,04:04:58,34.5625,80.2500,77.3125,20.8750,37.6875,0.8750
09.10.2021,04:05:33,34.5625,80.3125,77.3125,20.8750,37.7500,1.0000
09.10.2021,04:06:08,34.5625,80.2500,77.3125,20.8750,37.6875,1.0000
09.10.2021,04:06:43,34.5625,80.2500,77.3125,20.8750,37.7500,1.0000
09.10.2021,04:07:18,34.5625,80.2500,77.3125,20.8750,37.7500,1.0000
09.10.2021,04:07:53,34.5625,80.2500,77.3125,20.8750,37.7500,1.1250
09.10.2021,04:08:28,34.5625,80.2500,77.3125,20.8750,37.6875,1.1250
09.10.2021,04:09:03,34.5625,80.2500,77.3125,20.8750,37.6875,1.0000
09.10.2021,04:09:38,34.5625,80.2500,77.3125,20.8750,37.6875,0.8750
09.10.2021,04:10:12,34.5625,80.2500,77.3125,20.8750,37.6875,1.1250
09.10.2021,04:10:47,34.5625,80.2500,77.3125,20.8750,37.6875,1.0000
09.10.2021,04:11:22,34.5625,80.2500,77.3125,20.8750,37.6875,0.7500
09.10.2021,04:11:57,34.5625,80.2500,77.3125,20.8750,37.6875,0.6250
09.10.2021,04:12:32,34.5625,80.2500,77.3125,20.8750,37.6875,0.5000
09.10.2021,04:13:07,34.5625,80.2500,77.3125,20.8750,37.6875,0.5000
09.10.2021,04:13:42,34.5625,80.2500,77.3125,20.8750,37.6875,0.8750
09.10.2021,04:14:17,34.5625,80.2500,77.3125,20.8750,37.6875,0.8750
09.10.2021,04:14:52,34.5625,80.2500,77.3125,20.8750,37.6875,0.6250
09.10.2021,04:15:26,34.5625,80.2500,77.3125,20.8750,37.6875,0.5000
09.10.2021,04:16:01,34.5625,80.2500,77.3125,20.8750,37.6875,0.6250
09.10.2021,04:16:36,34.5625,80.2500,77.3125,20.8750,37.6875,0.6250
09.10.2021,04:17:11,34.5625,80.2500,77.3125,20.8750,37.6875,0.7500
09.10.2021,04:17:46,34.5625,80.2500,77.2500,20.8750,37.6875,0.6250
09.10.2021,04:18:21,34.5625,80.2500,77.1875,20.8750,37.6875,0.6250
09.10.2021,04:18:56,34.5625,80.2500,77.1875,20.8750,37.6875,0.7500
09.10.2021,04:19:31,34.5625,80.2500,77.2500,20.8750,37.6875,0.7500
09.10.2021,04:20:06,34.5625,80.2500,77.1875,20.8750,37.6250,0.7500
09.10.2021,04:20:40,34.5625,80.2500,77.1875,20.8750,37.6875,0.7500
09.10.2021,04:21:15,34.5625,80.2500,77.1875,20.8750,37.6250,0.7500
09.10.2021,04:21:50,34.5000,80.1875,77.1875,20.8750,37.6875,0.7500
09.10.2021,04:22:25,34.5000,80.2500,77.2500,20.8750,37.6875,0.7500
09.10.2021,04:23:00,34.5000,80.2500,77.2500,20.8750,37.6875,0.6250
09.10.2021,04:23:35,34.5000,80.2500,77.1875,20.8750,37.6250,0.5000
09.10.2021,04:24:10,34.5625,80.2500,77.2500,20.8750,37.6250,0.6250
09.10.2021,04:24:45,34.5000,80.1875,77.2500,20.8750,37.6250,0.8750
09.10.2021,04:25:20,34.5000,80.1875,77.2500,20.8750,37.6250,0.7500
09.10.2021,04:25:55,34.5000,80.1875,77.1875,20.8750,37.6250,0.7500
09.10.2021,04:26:29,34.5000,80.1875,77.1875,20.8750,37.6250,0.8750
09.10.2021,04:27:04,34.5000,80.1875,77.1875,20.8750,37.6250,0.8750
09.10.2021,04:27:39,34.5000,80.1875,77.1875,20.8750,37.6250,0.7500
09.10.2021,04:28:14,34.5625,80.1875,77.1875,20.8750,37.6250,0.5000
09.10.2021,04:28:49,34.5000,80.1250,77.1875,20.8750,37.6250,0.6250
09.10.2021,04:29:24,34.5000,80.1250,77.1875,20.8750,37.6250,0.6250
09.10.2021,04:29:59,34.5000,80.1250,77.1250,20.8750,37.6250,0.6250
09.10.2021,04:30:34,34.5000,80.1250,77.1250,20.8750,37.6250,0.5000
09.10.2021,04:31:09,34.5000,80.1250,77.1250,20.8750,37.6250,0.5000
09.10.2021,04:31:43,34.5000,80.1250,77.1250,20.8750,37.6250,0.5000
09.10.2021,04:32:18,34.5000,80.1250,77.1250,20.8750,37.6250,0.5000
09.10.2021,04:32:53,34.5000,80.1250,77.1250,20.8750,37.6250,0.5000
09.10.2021,04:33:28,34.5000,80.0625,77.1250,20.8750,37.6250,0.7500
09.10.2021,04:34:03,34.5000,80.0625,77.0625,20.8750,37.6250,0.7500
09.10.2021,04:34:38,34.5000,80.0625,77.0625,20.8750,37.6250,0.6250
09.10.2021,04:35:13,34.5000,80.0625,77.1250,20.8750,37.6250,0.5000
09.10.2021,04:35:48,34.5000,80.0625,77.1250,20.8750,37.6250,0.3750
09.10.2021,04:36:23,34.5000,80.0625,77.0625,20.8750,37.6250,0.3750
09.10.2021,04:36:57,34.5000,80.0625,77.0625,20.8750,37.6250,0.3750
09.10.2021,04:37:32,34.5000,80.0000,77.0625,20.8750,37.6250,0.3750
09.10.2021,04:38:07,34.5000,80.0000,77.0625,20.8750,37.6250,0.5000
09.10.2021,04:38:42,34.5000,79.9375,77.0625,20.8750,37.6250,0.5000
09.10.2021,04:39:17,34.5000,79.9375,77.0625,20.8750,37.6250,0.5000
09.10.2021,04:39:52,34.5000,79.9375,77.0625,20.8750,37.6250,0.6250
09.10.2021,04:40:27,34.5000,79.9375,77.0625,20.8750,37.6250,0.7500
09.10.2021,04:41:02,34.5000,79.9375,77.0625,20.8750,37.6250,0.5000
09.10.2021,04:41:37,34.5000,79.9375,77.0625,20.8750,37.5625,0.6250
09.10.2021,04:42:11,34.5000,79.9375,77.0625,20.8750,37.6250,0.5000
09.10.2021,04:42:46,34.5000,79.9375,77.0625,20.8750,37.6250,0.5000
09.10.2021,04:43:21,34.5000,79.8750,77.0625,20.8750,37.6875,0.5000
09.10.2021,04:43:56,34.5000,79.9375,77.0000,20.8750,37.6875,0.3750
09.10.2021,04:44:31,34.5000,79.9375,77.0000,20.8750,37.6250,0.3750
09.10.2021,04:45:06,34.5000,79.9375,77.0000,20.8750,37.6250,0.6250
09.10.2021,04:45:41,34.5000,79.9375,77.0000,20.8750,37.6875,0.3750
09.10.2021,04:46:16,34.5000,79.9375,77.0000,20.8750,37.6250,0.2500
09.10.2021,04:46:51,34.5000,79.9375,77.0000,20.8750,37.6875,0.2500
09.10.2021,04:47:25,34.5000,79.9375,77.0000,20.8750,37.6250,0.1250
09.10.2021,04:48:00,34.5000,79.9375,77.0000,20.8750,37.6875,0.2500
09.10.2021,04:48:35,34.5000,79.9375,77.0000,20.8750,37.6250,0.2500
09.10.2021,04:49:10,34.5000,79.9375,77.0625,20.8750,37.6250,0.2500
09.10.2021,04:49:45,34.4375,79.9375,77.0625,20.8750,37.6250,0.2500
09.10.2021,04:50:20,34.5000,79.9375,77.0625,20.8750,37.6250,0.3750
09.10.2021,04:50:55,34.5000,79.9375,77.0000,20.8750,37.6250,0.5000
09.10.2021,04:51:30,34.5000,79.9375,77.0625,20.8750,37.6250,0.5000
09.10.2021,04:52:05,34.5000,79.9375,77.0000,20.8750,37.6250,0.5000
09.10.2021,04:52:39,34.5000,79.9375,77.0625,20.8750,37.6250,0.5000
09.10.2021,04:53:14,34.5000,79.9375,77.0000,20.8750,37.5625,0.6250
09.10.2021,04:53:49,34.5000,79.9375,77.0000,20.8750,37.5625,0.6250
09.10.2021,04:54:24,34.5000,79.9375,77.0000,20.8750,37.5625,0.5000
09.10.2021,04:54:59,34.5000,79.9375,77.0000,20.8750,37.6250,0.2500
09.10.2021,04:55:34,34.5000,79.9375,76.9375,20.8750,37.5625,0.1250
09.10.2021,04:56:09,34.4375,79.9375,76.9375,20.8750,37.5625,0.1250
09.10.2021,04:56:44,34.5000,79.9375,76.9375,20.8750,37.5625,0.1250
09.10.2021,04:57:19,34.5000,79.9375,76.9375,20.8750,37.5625,0.1250
09.10.2021,04:57:53,34.5000,79.9375,77.0000,20.8750,37.5625,0.1250
09.10.2021,04:58:28,34.5000,79.9375,77.0000,20.8750,37.5625,0.2500
09.10.2021,04:59:03,34.5000,79.9375,76.9375,20.8750,37.5625,0.2500
09.10.2021,04:59:38,34.5000,79.9375,76.9375,20.8750,37.6250,0.2500
09.10.2021,05:00:13,34.5000,79.9375,76.9375,20.8750,37.6250,0.3750
09.10.2021,05:00:48,34.5000,79.9375,76.9375,20.8750,37.6250,0.3750
09.10.2021,05:01:23,34.4375,79.9375,77.0000,20.8750,37.6250,0.1250
09.10.2021,05:01:58,34.5000,79.9375,77.0000,20.8750,37.6250,0.0000
09.10.2021,05:02:33,34.4375,80.0000,77.0000,20.8750,37.6250,-0.1250
09.10.2021,05:03:07,34.4375,80.0000,77.0000,20.8750,37.6250,0.1250
09.10.2021,05:03:42,34.4375,80.0000,77.0000,20.8750,37.6250,0.0000
09.10.2021,05:04:17,34.4375,80.0000,77.0000,20.8750,37.6875,0.0000
09.10.2021,05:04:52,34.4375,80.0000,77.0000,20.8750,37.6875,0.0000
09.10.2021,05:05:27,34.4375,80.0000,77.0000,20.8750,37.6875,0.2500
09.10.2021,05:06:02,34.4375,80.0000,77.0000,20.8750,37.6875,0.2500
09.10.2021,05:06:37,34.4375,79.9375,77.0000,20.8750,37.6250,0.3750
09.10.2021,05:07:12,34.4375,79.9375,77.0000,20.8750,37.6875,0.3750
09.10.2021,05:07:47,34.4375,79.9375,77.0000,20.8750,37.6250,0.3750
09.10.2021,05:08:21,34.4375,79.9375,77.0000,20.8750,37.6250,0.6250
09.10.2021,05:08:56,34.4375,79.9375,77.0000,20.8750,37.6250,0.3750
09.10.2021,05:09:31,34.4375,79.9375,77.0000,20.8750,37.6250,0.2500
09.10.2021,05:10:06,34.4375,79.9375,76.9375,20.8750,37.6250,0.2500
09.10.2021,05:10:41,34.4375,79.9375,76.9375,20.8750,37.6250,0.3750
09.10.2021,05:11:16,34.4375,79.9375,76.9375,20.8750,37.6250,0.3750
09.10.2021,05:11:51,34.4375,79.9375,76.9375,20.8750,37.6250,0.2500
09.10.2021,05:12:26,34.4375,80.0000,77.0000,20.8750,37.6250,0.2500
09.10.2021,05:13:01,34.4375,79.9375,77.0000,20.8750,37.6250,0.1250
09.10.2021,05:13:35,34.4375,80.0000,77.0000,20.8750,37.6250,0.1250
09.10.2021,05:14:10,34.4375,79.9375,77.0000,20.8750,37.6250,0.1250
09.10.2021,05:14:45,34.4375,79.9375,77.0000,20.8750,37.6250,0.3750
09.10.2021,05:15:20,34.4375,79.9375,77.0000,20.8750,37.6250,0.3750
09.10.2021,05:15:55,34.4375,80.0000,77.0000,20.8750,37.5625,0.3750
09.10.2021,05:16:30,34.4375,80.0000,77.0000,20.8750,37.6250,0.2500
09.10.2021,05:17:05,34.4375,80.0000,77.0000,20.8750,37.6250,0.1250
09.10.2021,05:17:40,34.4375,80.0000,77.0000,20.8750,37.6250,0.0000
09.10.2021,05:18:15,34.4375,80.0000,77.0000,20.8750,37.6250,0.2500
09.10.2021,05:18:49,34.4375,80.0000,77.0000,20.8750,37.6250,0.5000
09.10.2021,05:19:24,34.4375,80.0625,77.0000,20.8750,37.5625,0.2500
09.10.2021,05:19:59,34.4375,80.0625,77.0000,20.8750,37.6250,0.2500
09.10.2021,05:20:34,34.4375,80.0625,77.0000,20.8750,37.6250,0.3750
09.10.2021,05:21:09,34.4375,80.0625,77.0000,20.8750,37.6250,0.3750
09.10.2021,05:21:44,34.4375,80.0625,77.0625,20.8750,37.5625,0.6250
09.10.2021,05:22:19,34.4375,80.0625,77.0625,20.8750,37.6250,0.6250
09.10.2021,05:22:54,34.4375,80.1250,77.0625,20.8750,37.6250,0.8750
09.10.2021,05:23:29,34.4375,80.1250,77.0625,20.8750,37.6250,0.6250
09.10.2021,05:24:03,34.4375,80.1250,77.0625,20.8750,37.6250,0.3750
09.10.2021,05:24:38,34.4375,80.1250,77.1250,20.8750,37.6250,0.3750
09.10.2021,05:25:13,34.4375,80.1875,77.0625,20.8750,37.6250,0.3750
09.10.2021,05:25:48,34.4375,80.1875,77.1250,20.8750,37.6250,0.5000
09.10.2021,05:26:23,34.4375,80.1875,77.1250,20.8750,37.6250,0.5000
09.10.2021,05:26:58,34.4375,80.1875,77.1875,20.8750,37.6250,0.5000
09.10.2021,05:27:33,34.4375,80.2500,77.1875,20.8750,37.6250,0.3750
09.10.2021,05:28:08,34.4375,80.1875,77.1875,20.8750,37.6250,0.5000
09.10.2021,05:28:43,34.3750,80.2500,77.1875,20.8750,37.6250,0.5000
09.10.2021,05:29:18,34.4375,80.1875,77.1875,20.8750,37.6250,0.3750
09.10.2021,05:29:52,34.4375,80.1875,77.1875,20.8750,37.6250,0.3750
09.10.2021,05:30:27,34.4375,80.1875,77.2500,20.8750,37.6250,0.5000
09.10.2021,05:31:02,34.4375,80.2500,77.1875,20.8750,37.6250,0.5000
09.10.2021,05:31:37,34.4375,80.2500,77.2500,20.8750,37.6250,0.5000
09.10.2021,05:32:12,34.3750,80.1875,77.1875,20.8750,37.6250,0.3750
09.10.2021,05:32:47,34.4375,80.1875,77.1250,20.8750,37.5625,0.3750
09.10.2021,05:33:22,34.3750,80.1875,77.0625,20.8750,37.6250,0.5000
09.10.2021,05:33:57,34.4375,80.1875,77.0625,20.8750,37.6250,0.2500
09.10.2021,05:34:32,34.4375,80.1875,77.0625,20.8750,37.6250,0.3750
09.10.2021,05:35:06,34.3750,80.1250,77.1250,20.8750,37.6250,0.5000
09.10.2021,05:35:41,34.3750,80.1250,77.1250,20.8750,37.6250,0.3750
09.10.2021,05:36:16,34.3750,80.1250,77.0625,20.8750,37.5625,0.6250
09.10.2021,05:36:51,34.3750,80.1250,77.1250,20.8750,37.5625,0.3750
09.10.2021,05:37:26,34.3750,80.1250,77.0625,20.8750,37.5625,0.2500
09.10.2021,05:38:01,34.3750,80.1875,77.0625,20.8750,37.5625,0.2500
09.10.2021,05:38:36,34.3750,80.1250,77.1250,20.8750,37.5625,0.2500
09.10.2021,05:39:11,34.4375,80.1250,77.1250,20.8750,37.6250,0.5000
09.10.2021,05:39:46,34.3750,80.1250,77.1250,20.9375,37.5625,0.5000
09.10.2021,05:40:20,34.4375,80.1875,77.1875,20.8750,37.6250,0.5000
09.10.2021,05:40:55,34.3750,80.1875,77.1875,20.8750,37.5625,0.3750
09.10.2021,05:41:30,34.3750,80.1875,77.2500,20.9375,37.6250,0.3750
09.10.2021,05:42:05,34.3750,80.1875,77.2500,20.8750,37.5625,0.2500
09.10.2021,05:42:40,34.3750,80.1875,77.2500,20.9375,37.6250,0.2500
09.10.2021,05:43:15,34.3750,80.2500,77.2500,20.8750,37.5625,0.2500
09.10.2021,05:43:50,34.3750,80.2500,77.2500,20.8750,37.6250,0.2500
09.10.2021,05:44:25,34.3750,80.2500,77.3125,20.8750,37.5625,0.3750
09.10.2021,05:45:00,34.3750,80.3125,77.3125,20.8750,37.5625,0.3750
09.10.2021,05:45:34,34.3750,80.3125,77.3125,20.8750,37.5625,0.2500
09.10.2021,05:46:09,34.3750,80.3125,77.3125,20.8750,37.5625,0.1250
09.10.2021,05:46:44,34.3750,80.3125,77.3750,20.8750,37.5625,0.1250
09.10.2021,05:47:19,34.3750,80.3125,77.3750,20.8750,37.5625,0.1250
09.10.2021,05:47:54,34.3750,80.3750,77.3750,20.8750,37.5625,0.0000
09.10.2021,05:48:29,34.3750,80.3750,77.3750,20.9375,37.5625,0.1250
09.10.2021,05:49:04,34.3750,80.3750,77.3750,20.9375,37.5625,0.1250
09.10.2021,05:49:39,34.3750,80.3750,77.3750,20.9375,37.6250,0.3750
09.10.2021,05:50:13,34.3750,80.4375,77.3750,20.8750,37.6250,0.1250
09.10.2021,05:50:48,34.3750,80.4375,77.4375,20.8750,37.6250,0.1250
09.10.2021,05:51:23,34.3750,80.4375,77.4375,20.8750,37.6250,0.1250
09.10.2021,05:51:58,34.3750,80.4375,77.4375,20.9375,37.6250,0.2500
09.10.2021,05:52:33,34.3750,80.4375,77.4375,20.8750,37.6250,0.2500
09.10.2021,05:53:08,34.3750,80.4375,77.3750,20.9375,37.6250,0.0000
09.10.2021,05:53:43,34.3750,80.5000,77.3750,20.8750,37.5625,0.0000
09.10.2021,05:54:18,34.3750,80.4375,77.4375,20.9375,37.5625,0.0000
09.10.2021,05:54:53,34.3750,80.5000,77.4375,20.9375,37.5625,0.1250
09.10.2021,05:55:27,34.3750,80.5000,77.4375,20.9375,37.5625,0.0000
09.10.2021,05:56:02,34.3750,80.5000,77.3750,20.9375,37.5625,-0.1250
09.10.2021,05:56:37,34.3750,80.5000,77.4375,20.9375,37.5625,-0.2500
09.10.2021,05:57:12,34.3750,80.5000,77.4375,20.9375,37.5625,-0.1250
09.10.2021,05:57:47,34.3750,80.5000,77.4375,20.9375,37.5625,-0.1250
09.10.2021,05:58:22,34.3750,80.5000,77.4375,20.9375,37.5000,-0.1250
09.10.2021,05:58:57,34.3750,80.5000,77.4375,20.9375,37.5625,0.0000
09.10.2021,05:59:32,34.3750,80.5000,77.4375,20.9375,37.5000,-0.1250
09.10.2021,06:00:07,34.3750,80.5000,77.4375,20.9375,37.5625,-0.1250
09.10.2021,06:00:42,34.3750,80.5000,77.4375,20.9375,37.5000,-0.2500
09.10.2021,06:01:16,34.3750,80.5000,77.4375,20.9375,37.5625,0.0000
09.10.2021,06:01:51,34.4375,80.5000,77.4375,20.9375,37.5625,0.0000
09.10.2021,06:02:26,34.3750,80.4375,77.4375,20.9375,37.5625,-0.1250
09.10.2021,06:03:01,34.4375,80.5000,77.4375,20.9375,37.6250,-0.2500
09.10.2021,06:03:36,34.4375,80.5000,77.4375,20.9375,37.5625,-0.3750
09.10.2021,06:04:11,34.3750,80.5000,77.5000,20.9375,37.5625,-0.2500
09.10.2021,06:04:46,34.3750,80.5000,77.5000,20.9375,37.5625,-0.1250
09.10.2021,06:05:21,34.3750,80.5625,77.5000,20.9375,37.6250,-0.1250
09.10.2021,06:05:56,34.3750,80.5625,77.5000,20.9375,37.6250,0.1250
09.10.2021,06:06:30,34.3750,80.5625,77.5000,20.9375,37.6250,0.1250
09.10.2021,06:07:05,34.3750,80.5625,77.5000,20.9375,37.6250,0.2500
09.10.2021,06:07:40,34.3750,80.6250,77.5625,20.9375,37.6250,0.0000
09.10.2021,06:08:15,34.3750,80.5625,77.5625,20.9375,37.6250,-0.1250
09.10.2021,06:08:50,34.3750,80.6250,77.5625,20.9375,37.6250,-0.1250
09.10.2021,06:09:25,34.3750,80.6250,77.5625,20.9375,37.6250,-0.2500
09.10.2021,06:10:00,34.3750,80.6250,77.5625,20.9375,37.6250,-0.2500
09.10.2021,06:10:35,34.3750,80.6875,77.5625,20.9375,37.6250,-0.2500
09.10.2021,06:11:10,34.3750,80.6250,77.5625,20.9375,37.6250,-0.1250
09.10.2021,06:11:44,34.3750,80.6875,77.5625,20.9375,37.6250,-0.1250
09.10.2021,06:12:19,34.3750,80.6250,77.5625,20.9375,37.6250,-0.1250
09.10.2021,06:12:54,34.3750,80.6250,77.5625,20.9375,37.6250,0.0000
09.10.2021,06:13:29,34.3750,80.6875,77.5625,20.9375,37.6875,0.0000
09.10.2021,06:14:04,34.3750,80.6875,77.5625,20.9375,37.6250,0.0000
09.10.2021,06:14:39,34.3750,80.6875,77.6250,20.9375,37.6875,-0.1250
09.10.2021,06:15:14,34.3750,80.6875,77.6250,20.9375,37.6250,-0.1250
09.10.2021,06:15:49,34.3750,80.6875,77.6250,20.9375,37.6250,-0.1250
09.10.2021,06:16:24,34.3750,80.6875,77.6875,20.9375,37.6250,0.0000
09.10.2021,06:16:58,34.3750,80.6875,77.6875,20.9375,37.6250,-0.1250
09.10.2021,06:17:33,34.3750,80.7500,77.6875,20.9375,37.6250,0.0000
09.10.2021,06:18:08,34.4375,80.7500,77.6875,20.9375,37.6250,-0.1250
09.10.2021,06:18:43,34.3750,80.7500,77.6875,20.9375,37.6250,-0.1250
09.10.2021,06:19:18,34.3750,80.7500,77.6875,20.9375,37.6875,-0.1250
09.10.2021,06:19:53,34.3750,80.7500,77.6875,20.9375,37.6875,-0.1250
09.10.2021,06:20:28,34.3750,80.7500,77.6875,20.9375,37.6875,-0.2500
09.10.2021,06:21:03,34.3750,80.7500,77.6875,20.9375,37.6875,-0.3750
09.10.2021,06:21:38,34.3750,80.7500,77.7500,20.9375,37.6875,-0.3750
09.10.2021,06:22:12,34.3750,80.8125,77.6875,20.9375,37.6875,-0.3750
09.10.2021,06:22:47,34.3750,80.7500,77.6875,20.9375,37.6875,-0.3750
09.10.2021,06:23:22,34.3750,80.7500,77.6875,20.9375,37.6250,-0.2500
09.10.2021,06:23:57,34.3750,80.7500,77.6875,20.9375,37.6250,-0.2500
09.10.2021,06:24:32,34.3750,80.8125,77.6875,20.9375,37.6250,-0.1250
09.10.2021,06:25:07,34.3750,80.7500,77.6875,20.9375,37.6250,0.1250
09.10.2021,06:25:42,34.3750,80.7500,77.6875,20.9375,37.6250,0.1250
09.10.2021,06:26:17,34.3750,80.7500,77.7500,21.0000,37.6250,0.0000
09.10.2021,06:26:52,34.3750,80.7500,77.7500,20.9375,37.6250,0.0000
09.10.2021,06:27:26,34.3750,80.7500,77.7500,20.9375,37.6250,0.0000
09.10.2021,06:28:01,34.4375,80.7500,77.7500,20.9375,37.6250,0.1250
09.10.2021,06:28:36,34.4375,80.7500,77.7500,20.9375,37.6250,0.2500
09.10.2021,06:29:11,34.3750,80.7500,77.7500,20.9375,37.5625,0.0000
09.10.2021,06:29:46,34.4375,80.6875,77.6875,20.9375,37.6250,-0.1250
09.10.2021,06:30:21,34.3750,80.6875,77.6875,20.9375,37.6250,-0.2500
09.10.2021,06:30:56,34.3750,80.6875,77.6875,20.9375,37.6250,-0.3750
09.10.2021,06:31:31,34.4375,80.6875,77.6875,20.9375,37.6250,-0.3750
09.10.2021,06:32:06,34.4375,80.6875,77.6875,20.9375,37.6250,-0.2500
09.10.2021,06:32:40,34.3750,80.6875,77.6875,20.9375,37.6250,-0.3750
09.10.2021,06:33:15,34.3750,80.6875,77.6875,20.9375,37.6250,-0.3750
09.10.2021,06:33:50,34.3750,80.7500,77.7500,20.9375,37.5625,-0.2500
09.10.2021,06:34:25,34.3750,80.7500,77.6875,20.9375,37.6250,-0.1250
09.10.2021,06:35:00,34.3750,80.7500,77.6875,20.9375,37.6250,-0.1250
09.10.2021,06:35:35,34.3750,80.7500,77.6875,20.9375,37.6250,-0.1250
09.10.2021,06:36:10,34.4375,80.7500,77.6875,20.9375,37.6875,0.0000
09.10.2021,06:36:45,34.3750,80.7500,77.6875,20.9375,37.6250,0.1250
09.10.2021,06:37:20,34.3750,80.7500,77.6875,20.9375,37.6250,-0.1250
09.10.2021,06:37:54,34.3750,80.7500,77.6875,20.9375,37.6250,-0.2500
09.10.2021,06:38:29,34.4375,80.7500,77.6875,20.9375,37.6875,-0.2500
09.10.2021,06:39:04,34.3750,80.8125,77.6875,20.9375,37.6875,-0.2500
09.10.2021,06:39:39,34.3750,80.8125,77.6875,20.9375,37.6875,-0.2500
09.10.2021,06:40:14,34.3750,80.8125,77.7500,20.9375,37.6250,-0.1250
09.10.2021,06:40:49,34.3750,80.8125,77.6875,20.9375,37.6875,0.0000
09.10.2021,06:41:24,34.3750,80.8125,77.6875,20.9375,37.6250,-0.1250
09.10.2021,06:41:59,34.3750,80.8125,77.7500,20.9375,37.6250,-0.1250
09.10.2021,06:42:34,34.3750,80.8125,77.7500,20.9375,37.6250,-0.2500
09.10.2021,06:43:08,34.3750,80.8125,77.6875,20.9375,37.6250,-0.1250
09.10.2021,06:43:43,34.3750,80.8125,77.6875,20.9375,37.6250,-0.1250
09.10.2021,06:44:18,34.3750,80.7500,77.6875,20.9375,37.6250,-0.1250
09.10.2021,06:44:53,34.3750,80.7500,77.6875,20.9375,37.6250,0.0000
09.10.2021,06:45:28,34.4375,80.7500,77.6875,20.9375,37.6250,0.2500
09.10.2021,06:46:03,34.4375,80.7500,77.6875,20.9375,37.6250,0.1250
09.10.2021,06:46:38,34.4375,80.7500,77.6875,20.9375,37.6250,0.0000
09.10.2021,06:47:13,34.4375,80.7500,77.6875,20.9375,37.6250,0.0000
09.10.2021,06:47:48,34.4375,80.7500,77.6875,20.9375,37.6250,0.1250
09.10.2021,06:48:22,34.4375,80.7500,77.6875,20.9375,37.6250,0.2500
09.10.2021,06:48:57,34.4375,80.7500,77.6875,21.0000,37.6250,0.2500
09.10.2021,06:49:32,34.4375,80.7500,77.6875,20.9375,37.6250,0.3750
09.10.2021,06:50:07,34.4375,80.6875,77.6250,21.0000,37.6250,0.1250
09.10.2021,06:50:42,34.4375,80.7500,77.6250,20.9375,37.6250,-0.1250
09.10.2021,06:51:17,34.4375,80.6875,77.6250,20.9375,37.6250,-0.2500
09.10.2021,06:51:52,34.4375,80.6875,77.6250,20.9375,37.6875,-0.2500
09.10.2021,06:52:27,34.4375,80.6875,77.6250,20.9375,37.6875,0.0000
09.10.2021,06:53:02,34.4375,80.6875,77.6250,20.9375,37.6250,0.1250
09.10.2021,06:53:36,34.4375,80.6250,77.6250,20.9375,37.6875,-0.1250
09.10.2021,06:54:11,34.4375,80.6875,77.6250,20.9375,37.6875,0.0000
09.10.2021,06:54:46,34.4375,80.6875,77.6250,20.9375,37.6250,0.1250
09.10.2021,06:55:21,34.4375,80.6875,77.6250,20.9375,37.6875,0.3750
09.10.2021,06:55:56,34.4375,80.6250,77.6250,20.9375,37.6250,0.1250
09.10.2021,06:56:31,34.3750,80.6250,77.6250,20.9375,37.6250,-0.1250
09.10.2021,06:57:06,34.4375,80.6250,77.5625,20.9375,37.6250,-0.1250
09.10.2021,06:57:41,34.4375,80.6250,77.5625,20.9375,37.6250,0.1250
09.10.2021,06:58:16,34.3750,80.5625,77.5625,20.9375,37.6250,0.0000
09.10.2021,06:58:50,34.3750,80.5625,77.5625,20.9375,37.6250,-0.2500
09.10.2021,06:59:25,34.3750,80.5625,77.5000,20.9375,37.6250,-0.2500
09.10.2021,07:00:00,34.4375,80.5625,77.5000,20.9375,37.6250,-0.1250
09.10.2021,07:00:35,34.4375,80.5625,77.5000,20.9375,37.6250,-0.1250
09.10.2021,07:01:10,34.4375,80.5625,77.5000,20.9375,37.6250,-0.2500
09.10.2021,07:01:45,34.4375,80.5625,77.5000,20.9375,37.6250,-0.2500
09.10.2021,07:02:20,34.4375,80.5000,77.5000,20.9375,37.6250,-0.3750
09.10.2021,07:02:55,34.4375,80.5000,77.5000,20.9375,37.6250,-0.5000
09.10.2021,07:03:30,34.3750,80.5000,77.5000,20.9375,37.6250,-0.5000
09.10.2021,07:04:04,34.4375,80.5000,77.5000,20.9375,37.6250,-0.5000
09.10.2021,07:04:39,34.4375,80.5000,77.5000,20.9375,37.6250,-0.3750
09.10.2021,07:05:14,34.4375,80.5000,77.5000,20.9375,37.6250,-0.2500
09.10.2021,07:05:49,34.3750,80.5000,77.5000,20.9375,37.6250,-0.3750
09.10.2021,07:06:24,34.3750,80.5000,77.5000,20.9375,37.6250,-0.3750
09.10.2021,07:06:59,34.3750,80.5000,77.5000,20.9375,37.6250,-0.3750
09.10.2021,07:07:34,34.4375,80.5000,77.5000,20.9375,37.5625,-0.3750
09.10.2021,07:08:09,34.3750,80.5000,77.5000,20.9375,37.6250,-0.3750
09.10.2021,07:08:44,34.3750,80.5000,77.5000,20.9375,37.5625,-0.3750
09.10.2021,07:09:18,34.4375,80.5000,77.5000,20.9375,37.6250,-0.2500
09.10.2021,07:09:53,34.4375,80.5000,77.5000,20.9375,37.5625,-0.2500
09.10.2021,07:10:28,34.4375,80.5000,77.5000,20.9375,37.5625,-0.5000
09.10.2021,07:11:03,34.3750,80.5000,77.4375,20.9375,37.5625,-0.6250
09.10.2021,07:11:38,34.4375,80.5000,77.5000,20.9375,37.6250,-0.5000
09.10.2021,07:12:13,34.3750,80.5000,77.5000,20.9375,37.6250,-0.5000
09.10.2021,07:12:48,34.3750,80.5000,77.5000,20.9375,37.6250,-0.5000
09.10.2021,07:13:23,34.3750,80.5000,77.4375,20.9375,37.6250,-0.3750
09.10.2021,07:13:58,34.3750,80.5000,77.4375,20.9375,37.6250,-0.1250
09.10.2021,07:14:32,34.3750,80.5000,77.4375,20.9375,37.6250,0.0000
09.10.2021,07:15:07,34.3750,80.5000,77.4375,20.9375,37.6250,0.2500
09.10.2021,07:15:42,34.3750,80.5000,77.5000,20.9375,37.6250,0.1250
09.10.2021,07:16:17,34.3750,80.5000,77.4375,20.9375,37.6250,0.0000
09.10.2021,07:16:52,34.3750,80.5000,77.4375,20.9375,37.6875,0.0000
09.10.2021,07:17:27,34.3750,80.5000,77.4375,20.9375,37.6875,0.0000
09.10.2021,07:18:02,34.3750,80.5000,77.4375,20.9375,37.6250,0.0000
09.10.2021,07:18:37,34.3750,80.5000,77.4375,20.9375,37.6250,-0.1250
09.10.2021,07:19:12,34.3750,80.5000,77.4375,20.9375,37.6250,-0.3750
09.10.2021,07:19:47,34.3750,80.5000,77.3750,20.9375,37.6250,-0.5000
09.10.2021,07:20:21,34.3750,80.5000,77.3750,20.9375,37.6250,-0.3750
09.10.2021,07:20:56,34.3750,80.4375,77.3750,20.9375,37.6250,-0.1250
09.10.2021,07:21:31,34.3750,80.4375,77.3750,20.9375,37.5625,-0.2500
09.10.2021,07:22:06,34.3750,80.4375,77.3750,20.9375,37.6250,-0.3750
09.10.2021,07:22:41,34.3750,80.4375,77.3750,21.0000,37.5625,-0.5000
09.10.2021,07:23:16,34.3750,80.3750,77.3750,20.9375,37.5625,-0.3750
09.10.2021,07:23:51,34.3750,80.3750,77.3750,20.9375,37.5625,-0.3750
09.10.2021,07:24:26,34.3750,80.3750,77.3750,20.9375,37.5625,-0.1250
09.10.2021,07:25:01,34.3750,80.3750,77.3750,20.9375,37.5625,-0.1250
09.10.2021,07:25:35,34.3750,80.3750,77.3750,20.9375,37.6250,0.0000
09.10.2021,07:26:10,34.3750,80.3750,77.3750,20.9375,37.5625,0.0000
09.10.2021,07:26:45,34.3750,80.3750,77.3750,20.9375,37.5625,-0.1250
09.10.2021,07:27:20,34.3750,80.3750,77.3750,20.9375,37.6250,-0.2500
09.10.2021,07:27:55,34.3750,80.3125,77.3750,20.9375,37.5625,-0.2500
09.10.2021,07:28:30,34.3750,80.3125,77.3750,20.9375,37.5625,-0.3750
09.10.2021,07:29:05,34.3750,80.3125,77.3750,20.9375,37.5625,-0.2500
09.10.2021,07:29:40,34.3750,80.3125,77.3750,20.9375,37.6250,-0.2500
09.10.2021,07:30:15,34.3750,80.3750,77.3125,20.9375,37.6250,-0.1250
09.10.2021,07:30:49,34.3750,80.3750,77.3125,20.9375,37.6250,0.1250
09.10.2021,07:31:24,34.3750,80.3750,77.3125,20.9375,37.6250,0.0000
09.10.2021,07:31:59,34.3750,80.3750,77.3125,20.9375,37.6250,-0.1250
09.10.2021,07:32:34,34.3750,80.3750,77.3125,20.9375,37.6250,-0.2500
09.10.2021,07:33:09,34.3750,80.3750,77.3125,20.9375,37.6250,-0.3750
09.10.2021,07:33:44,34.3750,80.3750,77.3125,20.9375,37.6250,-0.3750
09.10.2021,07:34:19,34.3750,80.3750,77.3125,20.9375,37.6250,-0.1250
09.10.2021,07:34:54,34.3750,80.3750,77.3125,20.9375,37.6250,-0.3750
09.10.2021,07:35:29,34.3750,80.3750,77.3125,20.9375,37.6250,-0.3750
09.10.2021,07:36:03,34.3750,80.3750,77.3125,20.9375,37.6250,-0.2500
09.10.2021,07:36:38,34.3750,80.3125,77.3125,20.9375,37.6250,-0.1250
09.10.2021,07:37:13,34.3750,80.3125,77.2500,20.9375,37.5625,-0.2500
09.10.2021,07:37:48,34.3750,80.3125,77.2500,20.9375,37.6250,-0.3750
09.10.2021,07:38:23,34.3750,80.3125,77.2500,20.9375,37.6250,-0.3750
09.10.2021,07:38:58,34.3750,80.3125,77.2500,20.9375,37.6250,-0.2500
09.10.2021,07:39:33,34.3750,80.3125,77.2500,20.9375,37.6250,-0.1250
09.10.2021,07:40:08,34.3750,80.2500,77.1875,20.9375,37.6250,-0.2500
09.10.2021,07:40:43,34.3750,80.2500,77.1875,20.9375,37.6250,-0.1250
09.10.2021,07:41:17,34.3750,80.2500,77.1875,20.9375,37.6250,0.0000
09.10.2021,07:41:52,34.3750,80.2500,77.1875,20.9375,37.6250,0.0000
09.10.2021,07:42:27,34.3750,80.1875,77.1875,20.9375,37.6250,0.0000
09.10.2021,07:43:02,34.3750,80.2500,77.1875,20.9375,37.6250,-0.1250
09.10.2021,07:43:37,34.3750,80.1875,77.1875,20.9375,37.6250,0.0000
09.10.2021,07:44:12,34.3750,80.1875,77.1875,20.9375,37.6250,0.0000
09.10.2021,07:44:47,34.3750,80.1875,77.1875,20.9375,37.6250,0.1250
09.10.2021,07:45:22,34.3750,80.1875,77.1250,20.9375,37.5625,0.0000
09.10.2021,07:45:57,34.3750,80.1250,77.1250,20.9375,37.5625,0.1250
09.10.2021,07:46:31,34.3750,80.1250,77.1250,20.9375,37.5625,0.1250
09.10.2021,07:47:06,34.3750,80.1250,77.1250,20.9375,37.5625,0.1250
09.10.2021,07:47:41,34.3750,80.1250,77.1250,20.9375,37.5625,0.0000
09.10.2021,07:48:16,34.3750,80.0625,77.0625,20.9375,37.6250,0.0000
09.10.2021,07:48:51,34.3750,80.1250,77.1250,20.9375,37.6250,0.0000
09.10.2021,07:49:26,34.3750,80.0625,77.0625,20.9375,37.6250,0.1250
09.10.2021,07:50:01,34.3750,80.0625,77.0625,20.9375,37.5625,0.0000
09.10.2021,07:50:36,34.3750,80.0625,77.0000,20.9375,37.5625,0.0000
09.10.2021,07:51:11,34.3750,80.0625,77.0000,20.9375,37.6250,-0.1250
09.10.2021,07:51:45,34.3750,80.0625,77.0000,20.9375,37.6250,0.0000
09.10.2021,07:52:20,34.3125,80.0625,77.0000,20.9375,37.6250,0.0000
09.10.2021,07:52:55,34.3750,80.0625,77.0000,20.9375,37.6250,-0.1250
09.10.2021,07:53:30,34.3750,80.0625,77.0000,21.0000,37.6250,-0.1250
09.10.2021,07:54:05,34.3750,80.0000,77.0000,20.9375,37.5625,-0.1250
09.10.2021,07:54:40,34.3750,80.0000,77.0000,21.0000,37.5625,0.0000
09.10.2021,07:55:15,34.3750,80.0000,76.9375,21.0000,37.5625,0.0000
09.10.2021,07:55:50,34.3750,80.0000,76.9375,20.9375,37.5625,0.0000
09.10.2021,07:56:25,34.3125,80.0000,76.9375,20.9375,37.5625,0.2500
09.10.2021,07:56:59,34.3750,80.0000,76.9375,20.9375,37.5625,0.2500
09.10.2021,07:57:34,34.3750,79.9375,76.9375,21.0000,37.5625,0.1250
09.10.2021,07:58:09,34.3125,79.9375,76.9375,21.0000,37.5625,0.1250
09.10.2021,07:58:44,34.3125,79.9375,76.9375,21.0000,37.5625,0.1250
09.10.2021,07:59:19,34.3750,79.9375,76.9375,20.9375,37.5625,0.1250
09.10.2021,07:59:54,34.3750,79.9375,76.9375,20.9375,37.5625,0.1250
09.10.2021,08:00:29,34.3125,79.9375,76.9375,20.9375,37.5625,0.0000
09.10.2021,08:01:04,34.3125,79.9375,76.9375,20.9375,37.5625,0.1250
09.10.2021,08:01:39,34.3125,79.9375,76.9375,20.9375,37.5625,0.1250
09.10.2021,08:02:13,34.3125,79.9375,76.9375,20.9375,37.5000,0.1250
09.10.2021,08:02:48,34.3125,79.8750,76.8750,20.9375,37.5625,0.2500
09.10.2021,08:03:23,34.3125,79.8750,76.8750,20.9375,37.5625,0.3750
09.10.2021,08:03:58,34.3125,79.8750,76.8125,20.9375,37.5625,0.3750
09.10.2021,08:04:33,34.3125,79.8750,76.8125,20.9375,37.5625,0.2500
09.10.2021,08:05:08,34.3125,79.8750,76.8125,20.9375,37.5625,0.2500
09.10.2021,08:05:43,34.3125,79.8750,76.8750,20.9375,37.5625,0.2500
09.10.2021,08:06:18,34.3125,79.8750,76.8750,20.9375,37.5625,0.3750
09.10.2021,08:06:53,34.3125,79.8750,76.8750,20.9375,37.5625,0.3750
09.10.2021,08:07:27,34.3125,79.9375,76.9375,20.9375,37.5625,0.3750
09.10.2021,08:08:02,34.3125,79.9375,76.9375,20.9375,37.5625,0.3750
09.10.2021,08:08:37,34.3125,79.9375,76.9375,20.9375,37.5625,0.3750
09.10.2021,08:09:12,34.3125,79.9375,76.9375,20.9375,37.5625,0.3750
09.10.2021,08:09:47,34.3125,80.0000,76.9375,20.9375,37.5625,0.6250
09.10.2021,08:10:22,34.3125,80.0000,76.9375,20.9375,37.5625,0.6250
09.10.2021,08:10:57,34.3125,80.0625,77.0000,20.9375,37.5625,0.5000
09.10.2021,08:11:32,34.3125,80.0625,77.0000,20.9375,37.5625,0.3750
09.10.2021,08:12:07,34.3125,80.0625,77.0625,20.9375,37.5625,0.5000
09.10.2021,08:12:41,34.3125,80.1250,77.0625,20.9375,37.5625,0.5000
09.10.2021,08:13:16,34.3125,80.1250,77.0625,20.9375,37.5625,0.5000
09.10.2021,08:13:51,34.3125,80.1250,77.0625,20.9375,37.5625,0.5000
09.10.2021,08:14:26,34.3125,80.1250,77.1250,20.9375,37.5625,0.6250
09.10.2021,08:15:01,34.3125,80.1875,77.1250,20.9375,37.5625,0.6250
09.10.2021,08:15:36,34.3125,80.1250,77.1250,20.9375,37.5625,0.5000
09.10.2021,08:16:11,34.3125,80.1875,77.1250,20.9375,37.5625,0.5000
09.10.2021,08:16:46,34.3125,80.1875,77.1250,20.9375,37.5625,0.7500
09.10.2021,08:17:21,34.3125,80.2500,77.1875,20.9375,37.5625,0.7500
09.10.2021,08:17:56,34.3125,80.2500,77.1875,20.9375,37.5625,0.7500
09.10.2021,08:18:30,34.3125,80.2500,77.1875,20.9375,37.5625,0.8750
09.10.2021,08:19:05,34.3125,80.2500,77.1875,20.9375,37.5625,0.8750
09.10.2021,08:19:40,34.3125,80.2500,77.1875,20.9375,37.6250,1.1250
09.10.2021,08:20:15,34.3125,80.2500,77.1875,20.9375,37.5625,1.1250
09.10.2021,08:20:50,34.3125,80.2500,77.1875,20.9375,37.5625,1.0000
09.10.2021,08:21:25,34.3125,80.2500,77.1875,20.9375,37.5625,1.1250
09.10.2021,08:22:00,34.3125,80.2500,77.2500,20.9375,37.5625,1.1250
09.10.2021,08:22:35,34.3125,80.2500,77.2500,20.9375,37.5625,1.2500
09.10.2021,08:23:10,34.3125,80.2500,77.2500,20.9375,37.5000,1.5000
09.10.2021,08:23:44,34.3125,80.1875,77.2500,20.9375,37.5000,1.7500
09.10.2021,08:24:19,34.3125,80.1875,77.2500,20.9375,37.5000,1.7500
09.10.2021,08:24:54,34.3125,80.1875,77.1875,20.9375,37.5000,1.6250
09.10.2021,08:25:29,34.3125,80.1875,77.1875,20.9375,37.5000,1.5000
09.10.2021,08:26:04,34.3125,80.1875,77.1875,20.9375,37.5000,1.5000
09.10.2021,08:26:39,34.3125,80.1875,77.1875,20.9375,37.5000,1.3750
09.10.2021,08:27:14,34.3125,80.1250,77.1875,21.0000,37.5000,1.3750
09.10.2021,08:27:49,34.3125,80.1250,77.1250,21.0000,37.5000,1.3750
09.10.2021,08:28:24,34.3125,80.1250,77.1250,20.9375,37.5000,1.3750
09.10.2021,08:28:58,34.3125,80.1250,77.1250,21.0000,37.5000,1.3750
09.10.2021,08:29:33,34.3125,80.0625,77.0625,21.0000,37.5000,1.3750
09.10.2021,08:30:08,34.3125,80.0625,77.0625,21.0000,37.5000,1.3750
09.10.2021,08:30:43,34.3125,80.0625,77.1250,21.0000,37.5000,1.3750
09.10.2021,08:31:18,34.3125,80.0625,77.0625,20.9375,37.5000,1.5000
09.10.2021,08:31:53,34.3125,80.0625,77.0625,20.9375,37.5000,1.6250
09.10.2021,08:32:28,34.3125,80.0625,77.0625,21.0000,37.5000,1.6250
09.10.2021,08:33:03,34.3125,80.0625,77.0625,20.9375,37.5000,1.7500
09.10.2021,08:33:38,34.3125,80.0625,77.0625,20.9375,37.5625,1.6250
09.10.2021,08:34:12,34.3125,80.0625,77.0625,20.9375,37.5625,1.5000
09.10.2021,08:34:47,34.3125,80.0000,77.0625,20.9375,37.5625,1.6250
09.10.2021,08:35:22,34.3125,80.0000,77.0625,20.9375,37.5000,1.5000
09.10.2021,08:35:57,34.3125,80.0000,77.0000,20.9375,37.5000,1.5000
09.10.2021,08:36:32,34.3125,80.0000,77.0000,21.0000,37.5625,1.6250
09.10.2021,08:37:07,34.3125,79.9375,77.0000,21.0000,37.5625,1.6250
09.10.2021,08:37:42,34.3125,79.9375,77.0000,20.9375,37.5000,1.6250
09.10.2021,08:38:17,34.2500,79.9375,76.9375,21.0000,37.5000,1.3750
09.10.2021,08:38:52,34.3125,79.9375,76.9375,21.0000,37.4375,1.5000
09.10.2021,08:39:26,34.3125,79.8750,76.9375,20.9375,37.5000,1.5000
09.10.2021,08:40:01,34.3125,79.8125,76.9375,21.0000,37.5000,1.5000
09.10.2021,08:40:36,34.2500,79.8125,76.9375,21.0000,37.4375,1.5000
09.10.2021,08:41:11,34.3125,79.8125,76.9375,20.9375,37.4375,1.5000
09.10.2021,08:41:46,34.3125,79.7500,76.8750,20.9375,37.4375,1.7500
09.10.2021,08:42:21,34.3125,79.7500,76.8750,20.9375,37.3750,1.6250
09.10.2021,08:42:56,34.3125,79.6875,76.8125,21.0000,37.3750,1.5000
09.10.2021,08:43:31,34.3125,79.6875,76.8125,20.9375,37.3750,1.6250
09.10.2021,08:44:06,34.3125,79.6875,76.8125,21.0000,37.3750,1.6250
09.10.2021,08:44:40,34.3125,79.6875,76.7500,21.0000,37.3750,1.6250
09.10.2021,08:45:15,34.3125,79.6250,76.7500,21.0000,37.3750,1.6250
09.10.2021,08:45:50,34.3125,79.6250,76.6875,20.9375,37.3750,1.6250
09.10.2021,08:46:25,34.3125,79.5625,76.6875,21.0000,37.3750,1.6250
09.10.2021,08:47:00,34.3125,79.5625,76.6250,20.9375,37.4375,1.6250
09.10.2021,08:47:35,34.3125,79.5625,76.6250,21.0000,37.4375,1.6250
09.10.2021,08:48:10,34.3125,79.5625,76.6250,20.9375,37.4375,1.6250
09.10.2021,08:48:45,34.3125,79.5625,76.6250,21.0000,37.4375,1.6250
09.10.2021,08:49:20,34.3125,79.5625,76.6250,20.9375,37.4375,1.6250
09.10.2021,08:49:54,34.3125,79.5000,76.6250,20.9375,37.4375,1.6250
09.10.2021,08:50:29,34.3125,79.5000,76.6250,21.0000,37.4375,1.7500
09.10.2021,08:51:04,34.2500,79.5000,76.6250,20.9375,37.3750,1.8750
09.10.2021,08:51:39,34.2500,79.5000,76.6250,20.9375,37.4375,1.8750
09.10.2021,08:52:14,34.2500,79.5625,76.5625,20.9375,37.4375,2.0000
09.10.2021,08:52:49,34.2500,79.5000,76.5625,20.9375,37.5000,2.0000
09.10.2021,08:53:24,34.2500,79.5000,76.5625,20.9375,37.5000,2.0000
09.10.2021,08:53:59,34.2500,79.5000,76.5625,20.9375,37.5000,1.8750
09.10.2021,08:54:34,34.2500,79.5000,76.5625,20.9375,37.4375,1.8750
09.10.2021,08:55:08,34.2500,79.5000,76.5625,20.9375,37.4375,2.0000
09.10.2021,08:55:43,34.2500,79.5000,76.5625,20.9375,37.3750,1.8750
09.10.2021,08:56:18,34.2500,79.5000,76.5625,20.9375,37.3750,1.8750
09.10.2021,08:56:53,34.2500,79.4375,76.5000,20.9375,37.3125,2.0000
09.10.2021,08:57:28,34.2500,79.5000,76.5000,20.9375,37.3125,2.1250
09.10.2021,08:58:03,34.2500,79.5000,76.5000,20.9375,37.3750,2.2500
09.10.2021,08:58:38,34.2500,79.5000,76.5625,20.9375,37.3750,2.3750
09.10.2021,08:59:13,34.2500,79.5625,76.5625,20.9375,37.4375,2.2500
09.10.2021,08:59:48,34.2500,79.5625,76.6250,20.9375,37.4375,2.2500
09.10.2021,09:00:22,34.2500,79.5625,76.6250,20.9375,37.3750,2.2500
09.10.2021,09:00:57,34.2500,79.6250,76.6875,20.9375,37.3750,2.3750
09.10.2021,09:01:32,34.2500,79.6250,76.6875,20.9375,37.3750,2.3750
09.10.2021,09:02:07,34.2500,79.6250,76.7500,20.9375,37.3750,2.2500
09.10.2021,09:02:42,34.2500,79.6250,76.7500,20.9375,37.3750,2.3750
09.10.2021,09:03:17,34.2500,79.6250,76.7500,20.9375,37.3750,2.3750
09.10.2021,09:03:52,34.1875,79.6250,76.7500,20.9375,37.3750,2.5000
09.10.2021,09:04:27,34.1875,79.6250,76.7500,20.9375,37.3750,2.5000
09.10.2021,09:05:02,34.1875,79.6250,76.7500,20.9375,37.3125,2.5000
09.10.2021,09:05:36,34.1875,79.5625,76.7500,20.9375,37.3125,2.3750
09.10.2021,09:06:11,34.1875,79.6250,76.7500,20.9375,37.3125,2.3750
09.10.2021,09:06:46,34.1875,79.6250,76.7500,20.9375,37.3125,2.5000
09.10.2021,09:07:21,34.1875,79.6250,76.7500,20.9375,37.3125,2.6250
09.10.2021,09:07:56,34.1875,79.6250,76.7500,20.9375,37.3750,2.6250
09.10.2021,09:08:31,34.1875,79.6250,76.7500,21.0000,37.3125,2.7500
09.10.2021,09:09:06,34.1875,79.6250,76.6875,20.9375,37.3125,2.7500
09.10.2021,09:09:41,34.1875,79.6250,76.7500,20.9375,37.3750,2.7500
09.10.2021,09:10:16,34.1875,79.6250,76.6875,20.9375,37.3125,2.7500
09.10.2021,09:10:50,34.1875,79.6250,76.6875,20.9375,37.3750,2.7500
09.10.2021,09:11:25,34.1875,79.6250,76.7500,20.9375,37.3125,2.8750
09.10.2021,09:12:00,34.1875,79.7500,76.7500,20.9375,37.3125,2.7500
09.10.2021,09:12:35,34.1875,79.6875,76.8125,20.9375,37.3750,2.6250
09.10.2021,09:13:10,34.1875,79.7500,76.8125,20.9375,37.3750,2.7500
09.10.2021,09:13:45,34.1875,79.6875,76.8125,20.9375,37.3125,2.7500
09.10.2021,09:14:20,34.1875,79.6875,76.7500,20.9375,37.3750,2.8750
09.10.2021,09:14:55,34.1875,79.6875,76.7500,20.9375,37.3750,2.8750
09.10.2021,09:15:30,34.1875,79.7500,76.7500,20.9375,37.3750,2.7500
09.10.2021,09:16:04,34.1875,79.7500,76.7500,20.9375,37.3750,2.5000
09.10.2021,09:16:39,34.1875,79.7500,76.7500,20.9375,37.3750,2.5000
09.10.2021,09:17:14,34.1875,79.7500,76.7500,20.9375,37.3750,2.5000
09.10.2021,09:17:49,34.1875,79.7500,76.8125,21.0000,37.3750,2.6250
09.10.2021,09:18:24,34.1875,79.7500,76.8125,21.0000,37.3125,2.7500
09.10.2021,09:18:59,34.1875,79.7500,76.8125,21.0000,37.3750,2.6250
09.10.2021,09:19:34,34.1875,79.7500,76.8125,21.0000,37.3750,2.7500
09.10.2021,09:20:09,34.1875,79.7500,76.8125,21.0000,37.3750,2.8750
09.10.2021,09:20:44,34.1875,79.7500,76.7500,21.0000,37.3125,2.8750
09.10.2021,09:21:18,34.1875,79.7500,76.7500,21.0000,37.3750,2.8750
09.10.2021,09:21:53,34.1875,79.7500,76.7500,21.0000,37.3125,3.0000
09.10.2021,09:22:28,34.1875,79.6875,76.7500,21.0000,37.3750,3.1250
09.10.2021,09:23:03,34.1875,79.6875,76.7500,21.0000,37.3750,3.0000
09.10.2021,09:23:38,34.1875,79.6875,76.7500,20.9375,37.3750,3.0000
09.10.2021,09:24:13,34.1875,79.6875,76.7500,20.9375,37.3125,3.0000
09.10.2021,09:24:48,34.1875,79.6875,76.7500,21.0000,37.3750,3.1250
09.10.2021,09:25:23,34.1875,79.6875,76.7500,21.0000,37.3750,3.2500
09.10.2021,09:25:58,34.1875,79.6250,76.6875,21.0000,37.3750,3.2500
09.10.2021,09:26:33,34.1875,79.6250,76.6875,20.9375,37.3125,3.2500
09.10.2021,09:27:07,34.1875,79.6250,76.6250,21.0000,37.3750,3.2500
09.10.2021,09:27:42,34.1875,79.6250,76.6250,20.9375,37.3125,3.2500
09.10.2021,09:28:17,34.1250,79.5625,76.6250,20.9375,37.3125,3.2500
09.10.2021,09:28:52,34.1875,79.5625,76.6250,20.9375,37.3125,3.2500
09.10.2021,09:29:27,34.1250,79.5625,76.6250,20.9375,37.3125,3.2500
09.10.2021,09:30:02,34.1250,79.5000,76.5625,20.9375,37.3125,3.2500
09.10.2021,09:30:37,34.1250,79.4375,76.5625,20.9375,37.2500,3.2500
09.10.2021,09:31:12,34.1250,79.4375,76.5000,20.9375,37.2500,3.2500
09.10.2021,09:31:47,34.1250,79.4375,76.5000,20.9375,37.2500,3.2500
09.10.2021,09:32:21,34.1250,79.4375,76.5000,20.9375,37.2500,3.2500
09.10.2021,09:32:56,34.1250,79.3750,76.5000,20.9375,37.2500,3.5000
09.10.2021,09:33:31,34.1250,79.4375,76.5000,20.9375,37.2500,3.5000
09.10.2021,09:34:06,34.1250,79.3750,76.5000,20.9375,37.3125,3.3750
09.10.2021,09:34:41,34.1250,79.3750,76.5000,21.0000,37.2500,3.3750
09.10.2021,09:35:16,34.1250,79.3750,76.4375,21.0000,37.2500,3.1250
09.10.2021,09:35:51,34.1250,79.3750,76.4375,21.0000,37.2500,3.2500
09.10.2021,09:36:26,34.1250,79.3125,76.3750,21.0000,37.2500,3.3750
09.10.2021,09:37:01,34.1250,79.2500,76.3750,21.0000,37.2500,3.3750
09.10.2021,09:37:35,34.1250,79.3125,76.3125,21.0000,37.2500,3.2500
09.10.2021,09:38:10,34.1250,79.3125,76.3125,21.0000,37.2500,3.3750
09.10.2021,09:38:45,34.1250,79.2500,76.3125,21.0000,37.2500,3.5000
09.10.2021,09:39:20,34.1250,79.2500,76.2500,21.0000,37.2500,3.5000
09.10.2021,09:39:55,34.1250,79.1875,76.2500,21.0000,37.2500,3.5000
09.10.2021,09:40:30,34.1250,79.1250,76.2500,21.0000,37.2500,3.6250
09.10.2021,09:41:05,34.1250,79.1250,76.1875,21.0000,37.2500,3.7500
09.10.2021,09:41:40,34.1250,79.0625,76.1250,21.0000,37.2500,3.7500
09.10.2021,09:42:15,34.1250,79.0000,76.1250,21.0000,37.2500,3.8750
09.10.2021,09:42:49,34.1250,79.0000,76.0625,21.0000,37.2500,3.8750
09.10.2021,09:43:24,34.1250,78.9375,76.0000,21.0000,37.1875,4.0000
09.10.2021,09:43:59,34.1250,78.9375,76.0000,21.0000,37.1875,3.8750
09.10.2021,09:44:34,34.1250,78.9375,76.0000,21.0000,37.1875,3.8750
09.10.2021,09:45:09,34.0625,78.8750,76.0000,21.0000,37.1875,3.8750
09.10.2021,09:45:44,34.0625,78.9375,76.0000,21.0000,37.1875,3.8750
09.10.2021,09:46:19,34.0625,78.8750,76.0000,21.0000,37.1250,4.0000
09.10.2021,09:46:54,34.0625,78.8125,75.9375,21.0000,37.1875,4.0000
09.10.2021,09:47:29,34.0625,78.8125,75.8750,21.0000,37.1875,4.0000
09.10.2021,09:48:03,34.0625,78.8125,75.8750,21.0000,37.1250,4.1250
09.10.2021,09:48:38,34.0625,78.8125,75.8750,21.0000,37.1875,4.1250
09.10.2021,09:49:13,34.0625,78.7500,75.8750,21.0000,37.1875,4.2500
09.10.2021,09:49:48,34.1250,78.8125,75.8750,20.9375,37.1875,4.2500
09.10.2021,09:50:23,34.0625,78.7500,75.8125,20.9375,37.1250,4.2500
09.10.2021,09:50:58,34.0625,78.7500,75.8125,20.9375,37.1875,4.2500
09.10.2021,09:51:33,34.0625,78.7500,75.8125,20.9375,37.1875,4.2500
09.10.2021,09:52:08,34.0625,78.6875,75.8125,20.9375,37.1875,4.3750
09.10.2021,09:52:43,34.0625,78.7500,75.8125,21.0000,37.1875,4.2500
09.10.2021,09:53:17,34.0625,78.6875,75.8125,21.0000,37.1875,4.3750
09.10.2021,09:53:52,34.0625,78.7500,75.8125,21.0000,37.1875,4.3750
09.10.2021,09:54:27,34.0625,78.6875,75.8125,20.9375,37.1875,4.2500
09.10.2021,09:55:02,34.0625,78.6875,75.8125,20.9375,37.1875,4.2500
09.10.2021,09:55:37,34.0625,78.6250,75.8125,21.0000,37.1875,4.2500
09.10.2021,09:56:12,34.0625,78.6875,75.8125,21.0000,37.1875,4.3750
09.10.2021,09:56:47,34.0625,78.6250,75.8125,21.0000,37.1875,4.5000
09.10.2021,09:57:22,34.0625,78.6250,75.8125,21.0000,37.1875,4.5000
09.10.2021,09:57:57,34.0625,78.6250,75.8125,21.0000,37.1875,4.5000
09.10.2021,09:58:31,34.0625,78.6250,75.7500,21.0000,37.1250,4.5000
09.10.2021,09:59:06,34.0625,78.6250,75.7500,21.0000,37.1250,4.5000
09.10.2021,09:59:41,34.0625,78.5625,75.6875,21.0000,37.1250,4.5000
09.10.2021,10:00:16,34.0625,78.5625,75.6875,21.0000,37.1250,4.5000
09.10.2021,10:00:51,34.0625,78.5625,75.6875,21.0000,37.1250,4.6250
09.10.2021,10:01:26,34.0625,78.5000,75.6875,21.0000,37.1250,4.6250
09.10.2021,10:02:01,34.0625,78.5625,75.6875,21.0000,37.1250,4.6250
09.10.2021,10:02:36,34.0625,78.5000,75.6875,21.0000,37.1250,4.7500
09.10.2021,10:03:11,34.0625,78.5625,75.6875,21.0000,37.1250,4.7500
09.10.2021,10:03:46,34.0625,78.5000,75.6875,21.0000,37.1250,4.7500
09.10.2021,10:04:20,34.0000,78.5000,75.6875,21.0000,37.1875,4.6250
09.10.2021,10:04:55,34.0625,78.5000,75.6875,21.0000,37.1875,4.6250
09.10.2021,10:05:30,34.0000,78.5000,75.6875,21.0000,37.1250,4.5000
09.10.2021,10:06:05,34.0000,78.5000,75.6875,21.0000,37.1250,4.6250
09.10.2021,10:06:40,34.0000,78.5000,75.6875,21.0000,37.1250,4.7500
09.10.2021,10:07:15,34.0000,78.5000,75.6875,21.0000,37.1250,4.7500
09.10.2021,10:07:50,34.0000,78.4375,75.6875,21.0000,37.1250,4.7500
09.10.2021,10:08:25,34.0000,78.4375,75.6250,21.0000,37.1250,4.7500
09.10.2021,10:09:00,34.0000,78.4375,75.6250,21.0000,37.1250,4.7500
09.10.2021,10:09:34,34.0000,78.4375,75.6250,21.0000,37.1250,4.8750
09.10.2021,10:10:09,34.0000,78.3750,75.6250,21.0000,37.1250,4.8750
09.10.2021,10:10:44,34.0000,78.3750,75.6250,21.0000,37.0625,5.0000
09.10.2021,10:11:19,34.0000,78.3750,75.5625,21.0000,37.1250,5.0000
09.10.2021,10:11:54,34.0000,78.3750,75.5625,21.0000,37.0625,5.0000
09.10.2021,10:12:29,34.0000,78.3750,75.5625,21.0000,37.1250,5.0000
09.10.2021,10:13:04,34.0000,78.3750,75.5000,21.0000,37.0625,5.0000
09.10.2021,10:13:39,34.0000,78.3125,75.5000,21.0000,37.1250,5.0000
09.10.2021,10:14:14,34.0000,78.3125,75.5000,21.0000,37.0625,4.8750
09.10.2021,10:14:48,34.0000,78.2500,75.5000,21.0000,37.0625,5.0000
09.10.2021,10:15:23,34.0000,78.2500,75.5000,21.0000,37.0625,5.1250
09.10.2021,10:15:58,34.0000,78.2500,75.5000,21.0000,37.0625,5.1250
09.10.2021,10:16:33,34.0000,78.2500,75.4375,21.0000,37.0625,5.1250
09.10.2021,10:17:08,34.0000,78.2500,75.4375,21.0000,37.0625,5.1250
09.10.2021,10:17:43,34.0000,78.2500,75.4375,21.0000,37.0625,5.1250
09.10.2021,10:18:18,34.0000,78.1875,75.3750,21.0000,37.0625,5.1250
09.10.2021,10:18:53,34.0000,78.1875,75.3750,21.0000,37.0625,5.1250
09.10.2021,10:19:28,34.0000,78.1875,75.3750,21.0000,37.0625,5.1250
09.10.2021,10:20:02,34.0000,78.1875,75.3125,21.0000,37.0625,5.0000
09.10.2021,10:20:37,34.0000,78.1875,75.3125,21.0000,37.1250,5.0000
09.10.2021,10:21:12,34.0000,78.1875,75.3125,21.0000,37.1250,5.0000
09.10.2021,10:21:47,34.0000,78.1250,75.3125,21.0000,37.1250,5.0000
09.10.2021,10:22:22,34.0000,78.1250,75.3125,21.0000,37.0625,5.0000
09.10.2021,10:22:57,34.0000,78.0625,75.3125,21.0000,37.0625,5.0000
09.10.2021,10:23:32,34.0000,78.1250,75.3125,21.0000,37.0625,5.1250
09.10.2021,10:24:07,34.0000,78.1250,75.2500,21.0000,37.0625,5.0000
09.10.2021,10:24:42,34.0000,78.0625,75.2500,21.0000,37.1250,5.0000
09.10.2021,10:25:16,34.0000,78.0625,75.2500,21.0000,37.1250,5.0000
09.10.2021,10:25:51,34.0000,78.0625,75.2500,21.0000,37.0625,5.1250
09.10.2021,10:26:26,34.0000,78.0625,75.1875,21.0000,37.1250,5.2500
09.10.2021,10:27:01,34.0000,78.0625,75.1875,21.0000,37.0625,5.3750
09.10.2021,10:27:36,34.0000,78.0000,75.1875,21.0000,37.0625,5.5000
09.10.2021,10:28:11,34.0000,78.0000,75.1875,21.0000,37.0625,5.6250
09.10.2021,10:28:46,34.0000,78.0000,75.1875,21.0000,37.0625,5.6250
09.10.2021,10:29:21,34.0000,78.0000,75.1875,21.0000,37.0625,5.6250
09.10.2021,10:29:56,34.0000,77.9375,75.1875,21.0000,37.0625,5.6250
09.10.2021,10:30:30,34.0000,77.9375,75.1250,21.0000,37.0625,5.5000
09.10.2021,10:31:05,34.0000,77.9375,75.1250,21.0000,37.0625,5.3750
09.10.2021,10:31:40,34.0000,77.9375,75.1250,21.0000,37.0625,5.3750
09.10.2021,10:32:15,34.0000,77.8750,75.1250,21.0000,37.0625,5.3750
09.10.2021,10:32:50,34.0000,77.8750,75.0625,21.0000,37.0625,5.3750
09.10.2021,10:33:25,34.0000,77.8125,75.0625,21.0000,37.0625,5.6250
09.10.2021,10:34:00,34.0000,77.8125,75.0000,21.0000,37.0625,5.6250
09.10.2021,10:34:35,34.0000,77.8125,75.0000,21.0000,37.0625,5.6250
09.10.2021,10:35:10,33.9375,77.7500,74.9375,21.0000,37.0625,5.7500
09.10.2021,10:35:45,33.9375,77.7500,74.9375,21.0000,37.0000,5.8750
09.10.2021,10:36:19,33.9375,77.7500,74.9375,21.0000,37.0625,5.7500
09.10.2021,10:36:54,33.9375,77.7500,74.8750,21.0625,37.0625,5.7500
09.10.2021,10:37:29,33.9375,77.7500,74.8750,21.0000,37.0625,6.0000
09.10.2021,10:38:04,33.9375,77.6875,74.8125,21.0000,37.1250,6.0000
09.10.2021,10:38:39,33.9375,77.6250,74.8125,21.0000,37.0625,6.0000
09.10.2021,10:39:14,33.9375,77.6250,74.8125,21.0000,37.0625,5.8750
09.10.2021,10:39:49,33.9375,77.6250,74.8125,21.0000,37.0625,5.8750
09.10.2021,10:40:24,33.9375,77.6250,74.8125,21.0000,37.0000,5.7500
09.10.2021,10:40:59,33.9375,77.5625,74.7500,21.0000,37.0625,5.7500
09.10.2021,10:41:33,33.9375,77.5625,74.7500,21.0000,37.0000,5.7500
09.10.2021,10:42:08,33.9375,77.5625,74.7500,21.0000,37.0625,5.8750
09.10.2021,10:42:43,33.9375,77.5625,74.7500,21.0000,37.0625,6.0000
09.10.2021,10:43:18,33.9375,77.5000,74.6875,21.0000,37.0625,6.1250
09.10.2021,10:43:53,33.9375,77.5000,74.6250,21.0000,37.0625,6.1250
09.10.2021,10:44:28,33.9375,77.5000,74.6250,21.0000,37.0625,6.1250
09.10.2021,10:45:03,33.9375,77.4375,74.5625,21.0000,37.0625,6.1250
09.10.2021,10:45:38,33.9375,77.4375,74.5625,21.0000,37.0625,6.1250
09.10.2021,10:46:13,33.9375,77.4375,74.5625,21.0000,37.0625,6.1250
09.10.2021,10:46:47,33.9375,77.4375,74.5625,21.0000,37.0625,6.1250
09.10.2021,10:47:22,33.9375,77.4375,74.5625,21.0000,37.0000,6.1250
09.10.2021,10:47:57,33.9375,77.4375,74.5625,21.0000,37.0625,6.0000
09.10.2021,10:48:32,33.9375,77.4375,74.5000,21.0000,37.0625,5.8750
09.10.2021,10:49:07,33.8750,77.4375,74.5000,21.0000,37.0000,6.0000
09.10.2021,10:49:42,33.8750,77.3750,74.5000,21.0625,37.0625,6.0000
09.10.2021,10:50:17,33.9375,77.3750,74.5000,21.0625,37.0625,6.0000
09.10.2021,10:50:52,33.8750,77.3750,74.5000,21.0000,37.0625,6.0000
09.10.2021,10:51:26,33.8750,77.3750,74.5000,21.0000,37.0000,6.0000
09.10.2021,10:52:01,33.9375,77.3125,74.5000,21.0000,37.0000,6.0000
09.10.2021,10:52:36,33.9375,77.3125,74.5000,21.0000,37.0000,6.1250
09.10.2021,10:53:11,33.9375,77.3125,74.4375,21.0625,37.0000,6.1250
09.10.2021,10:53:46,33.9375,77.3125,74.4375,21.0000,37.0000,6.1250
09.10.2021,10:54:21,33.8750,77.3125,74.4375,21.0000,37.0000,6.2500
09.10.2021,10:54:56,33.9375,77.2500,74.4375,21.0625,37.0000,6.3750
09.10.2021,10:55:31,33.9375,77.2500,74.4375,21.0000,37.0000,6.3750
09.10.2021,10:56:06,33.8750,77.2500,74.4375,21.0000,37.0000,6.3750
09.10.2021,10:56:41,33.8750,77.2500,74.3750,21.0625,37.0000,6.5000
09.10.2021,10:57:15,33.9375,77.1875,74.4375,21.0625,37.0000,6.6250
09.10.2021,10:57:50,33.9375,77.1875,74.4375,21.0625,37.0000,6.6250
09.10.2021,10:58:25,33.9375,77.1875,74.4375,21.0625,36.9375,6.7500
09.10.2021,10:59:00,33.9375,77.1875,74.4375,21.0625,36.9375,6.7500
09.10.2021,10:59:35,33.9375,77.1875,74.3750,21.0000,36.9375,6.7500
09.10.2021,11:00:10,33.9375,77.1875,74.3750,21.0625,37.0000,6.7500
09.10.2021,11:00:45,33.9375,77.1875,74.3750,21.0625,36.9375,6.7500
09.10.2021,11:01:20,33.9375,77.1875,74.3750,21.0625,36.9375,6.7500
09.10.2021,11:01:55,33.9375,77.1875,74.3750,21.0625,36.9375,6.7500
09.10.2021,11:02:29,33.9375,77.1250,74.3750,21.0000,37.0000,6.6250
09.10.2021,11:03:04,33.8750,77.1250,74.3750,21.0000,36.9375,6.8750
09.10.2021,11:03:39,33.9375,77.1250,74.3750,21.0625,36.9375,6.8750
09.10.2021,11:04:14,33.8750,77.1875,74.3750,21.0000,36.9375,6.8750
09.10.2021,11:04:49,33.9375,77.1875,74.3125,21.0000,37.0000,6.8750
09.10.2021,11:05:24,33.8750,77.1250,74.3125,21.0000,37.0000,6.8750
09.10.2021,11:05:59,33.8750,77.1250,74.3125,21.0000,37.0000,6.7500
09.10.2021,11:06:34,33.8750,77.1250,74.3125,21.0000,36.9375,6.8750
09.10.2021,11:07:09,33.8750,77.1250,74.3125,21.0000,36.9375,7.1250
09.10.2021,11:07:43,33.8750,77.1250,74.3125,21.0000,36.9375,7.1250
09.10.2021,11:08:18,33.8750,77.1875,74.3750,21.0000,36.9375,7.1250
09.10.2021,11:08:53,33.8750,77.1875,74.3750,21.0000,36.9375,7.1250
09.10.2021,11:09:28,33.8750,77.1250,74.3750,21.0000,36.9375,7.1250
09.10.2021,11:10:03,33.8750,77.1875,74.4375,21.0000,36.8750,7.1250
09.10.2021,11:10:38,33.8750,77.2500,74.5000,21.0000,36.9375,7.3750
09.10.2021,11:11:13,33.8750,77.2500,74.5625,21.0000,36.9375,7.3750
09.10.2021,11:11:48,33.8750,77.3125,74.5625,21.0000,36.9375,7.3750
09.10.2021,11:12:23,33.8750,77.3750,74.5625,21.0000,36.9375,7.5000
09.10.2021,11:12:57,33.8750,77.3750,74.5625,21.0000,36.9375,7.5000
09.10.2021,11:13:32,33.8750,77.3750,74.5625,21.0000,36.9375,7.6250
09.10.2021,11:14:07,33.8750,77.4375,74.5625,21.0000,36.9375,7.6250
09.10.2021,11:14:42,33.8750,77.4375,74.6250,21.0000,37.0000,7.6250
09.10.2021,11:15:17,33.8750,77.4375,74.5625,21.0000,36.9375,7.6250
09.10.2021,11:15:52,33.8750,77.4375,74.5625,21.0000,37.0000,7.6250
09.10.2021,11:16:27,33.8750,77.4375,74.6250,21.0000,37.0000,7.6250
09.10.2021,11:17:02,33.8750,77.5000,74.6250,21.0000,36.9375,7.5000
09.10.2021,11:17:36,33.8750,77.5625,74.6875,21.0000,36.9375,7.5000
09.10.2021,11:18:11,33.8750,77.5625,74.6875,21.0000,36.9375,7.3750
09.10.2021,11:18:46,33.8750,77.5625,74.6875,21.0625,37.0000,7.2500
09.10.2021,11:19:21,33.8750,77.5625,74.6875,21.0625,37.0000,7.2500
09.10.2021,11:19:56,33.8750,77.5625,74.7500,21.0625,37.0000,7.1250
09.10.2021,11:20:31,33.8750,77.5625,74.7500,21.0625,36.9375,7.1250
09.10.2021,11:21:06,33.8750,77.5625,74.7500,21.0625,36.9375,7.1250
09.10.2021,11:21:41,33.8750,77.6250,74.7500,21.0625,36.9375,7.2500
09.10.2021,11:22:16,33.8750,77.6250,74.7500,21.0625,37.0000,7.2500
09.10.2021,11:22:51,33.8750,77.6250,74.7500,21.0625,37.0000,7.3750
09.10.2021,11:23:25,33.8750,77.6250,74.7500,21.0625,36.9375,7.3750
09.10.2021,11:24:00,33.8750,77.6250,74.8125,21.0625,36.9375,7.3750
09.10.2021,11:24:35,33.8750,77.6250,74.8125,21.0625,37.0000,7.5000
09.10.2021,11:25:10,33.8750,77.6250,74.8125,21.0625,37.0000,7.5000
09.10.2021,11:25:45,33.8750,77.6250,74.8125,21.0625,37.0000,7.5000
09.10.2021,11:26:20,33.8750,77.6250,74.8125,21.0625,36.9375,7.5000
09.10.2021,11:26:55,33.8750,77.6250,74.8750,21.0625,36.9375,7.6250
09.10.2021,11:27:30,33.8750,77.6250,74.8750,21.0625,36.9375,7.5000
09.10.2021,11:28:04,33.8750,77.6250,74.8125,21.0625,36.9375,7.5000
09.10.2021,11:28:39,33.8750,77.6875,74.8125,20.8125,36.9375,7.5000
09.10.2021,11:29:14,33.8750,77.6875,74.8125,19.7500,36.9375,7.3750
09.10.2021,11:29:49,33.8125,77.6875,74.7500,19.0625,36.9375,7.2500
09.10.2021,11:30:24,33.7500,77.6875,74.6875,18.5625,36.8125,7.3750
09.10.2021,11:30:59,33.7500,77.6875,74.6250,18.5625,36.8125,7.3750
09.10.2021,11:31:34,33.7500,77.6875,74.6250,18.6875,36.8125,7.3750
09.10.2021,11:32:09,33.7500,77.6875,74.5625,18.8750,36.8125,7.2500
09.10.2021,11:32:44,33.7500,77.6875,74.6250,19.0000,36.8125,7.2500
09.10.2021,11:33:19,33.7500,77.6875,74.6250,19.1875,36.8125,7.2500
09.10.2021,11:33:53,33.8125,77.6875,74.6250,19.3750,36.8125,7.2500
09.10.2021,11:34:28,33.8125,77.6875,74.6250,19.5000,36.8125,7.1250
09.10.2021,11:35:03,33.8125,77.7500,74.6250,19.6250,36.8125,7.1250
09.10.2021,11:35:38,33.8125,77.7500,74.6875,19.8125,36.8125,7.1250
09.10.2021,11:36:13,33.8750,77.7500,74.6250,19.9375,36.8750,7.2500
09.10.2021,11:36:48,33.8125,77.8125,74.6875,20.0000,36.8750,7.2500
09.10.2021,11:37:23,33.8750,77.8125,74.6875,20.1250,36.8750,7.3750
09.10.2021,11:37:58,33.8750,77.8125,74.6875,20.2500,36.8750,7.2500
09.10.2021,11:38:33,33.8750,77.8750,74.6875,20.3125,36.8750,7.3750
09.10.2021,11:39:07,33.8750,77.8750,74.6875,20.3750,36.9375,7.3750
09.10.2021,11:39:42,33.8750,77.8750,74.6250,20.4375,36.9375,7.5000
09.10.2021,11:40:17,33.8750,77.8750,74.6875,20.5000,36.9375,7.5000
09.10.2021,11:40:52,33.8750,77.9375,74.7500,20.5625,36.9375,7.6250
09.10.2021,11:41:27,33.8750,77.9375,74.7500,20.6250,36.9375,7.5000
09.10.2021,11:42:02,33.8750,78.0000,74.8125,20.6250,36.9375,7.6250
09.10.2021,11:42:37,33.8750,78.0000,74.8125,20.6875,36.8750,7.7500
09.10.2021,11:43:12,33.8750,78.0625,74.8750,20.6875,36.8750,7.8750
09.10.2021,11:43:47,33.8750,78.0625,74.8750,20.7500,36.9375,8.1250
09.10.2021,11:44:21,33.8750,78.0625,74.8750,20.7500,36.8750,8.1250
09.10.2021,11:44:56,33.8750,78.0625,74.8750,20.8125,36.9375,8.1250
09.10.2021,11:45:31,33.8750,78.0625,74.8750,20.8125,36.9375,8.2500
09.10.2021,11:46:06,33.8750,78.1250,74.8750,20.8125,36.9375,8.2500
09.10.2021,11:46:41,33.8750,78.1250,74.8125,20.8125,36.9375,8.2500
09.10.2021,11:47:16,33.8750,78.1250,74.8750,20.8750,36.9375,8.3750
09.10.2021,11:47:51,33.8750,78.1875,74.9375,20.8750,36.9375,8.3750
09.10.2021,11:48:26,33.8750,78.1875,75.0000,20.8750,36.9375,8.2500
09.10.2021,11:49:01,33.8750,78.2500,75.0000,20.8750,36.9375,8.2500
09.10.2021,11:49:35,33.8750,78.2500,75.0000,20.8750,36.9375,8.1250
09.10.2021,11:50:10,33.8750,78.2500,75.0000,20.8750,36.9375,8.1250
09.10.2021,11:50:45,33.8750,78.2500,75.0625,20.8750,36.9375,8.2500
09.10.2021,11:51:20,33.8750,78.2500,75.0625,20.8750,36.9375,8.3750
09.10.2021,11:51:55,33.8750,78.2500,75.0625,20.8750,36.9375,8.3750
09.10.2021,11:52:30,33.8750,78.3125,75.0625,20.9375,36.9375,8.3750
09.10.2021,11:53:05,33.8750,78.3125,75.0625,20.9375,36.9375,8.3750
09.10.2021,11:53:40,33.8750,78.3125,75.0625,20.9375,36.9375,8.5000
09.10.2021,11:54:15,33.8750,78.3125,75.0625,20.9375,36.9375,8.3750
09.10.2021,11:54:49,33.8750,78.3750,75.1250,20.9375,36.9375,8.3750
09.10.2021,11:55:24,33.8750,78.3750,75.1250,20.9375,36.9375,8.5000
09.10.2021,11:55:59,33.8750,78.3750,75.1250,21.0000,36.9375,8.3750
09.10.2021,11:56:34,33.8750,78.3750,75.1875,21.0000,36.9375,8.3750
09.10.2021,11:57:09,33.8750,78.3750,75.1875,21.0000,36.9375,8.3750
09.10.2021,11:57:44,33.8750,78.3750,75.1875,21.0000,36.9375,8.3750
09.10.2021,11:58:19,33.8750,78.3750,75.2500,21.0000,36.8750,8.5000
09.10.2021,11:58:54,33.8750,78.3750,75.2500,21.0000,36.8750,8.5000
09.10.2021,11:59:29,33.8750,78.4375,75.2500,21.0000,36.9375,8.6250
09.10.2021,12:00:03,33.8750,78.4375,75.2500,21.0000,36.9375,8.6250
09.10.2021,12:00:38,33.8750,78.4375,75.3125,21.0000,36.9375,8.6250
09.10.2021,12:01:13,33.8750,78.5000,75.3125,21.0000,36.9375,8.5000
09.10.2021,12:01:48,33.8750,78.5000,75.3125,21.0000,36.9375,8.3750
09.10.2021,12:02:23,33.8750,78.5000,75.3125,21.0000,36.9375,8.3750
09.10.2021,12:02:58,33.8750,78.5000,75.3125,21.0000,36.9375,8.5000
09.10.2021,12:03:33,33.8750,78.5000,75.3750,21.0000,36.9375,8.6250
09.10.2021,12:04:08,33.8750,78.5625,75.3750,21.0000,36.9375,8.6250
09.10.2021,12:04:43,33.8750,78.5625,75.3750,21.0000,36.9375,8.6250
09.10.2021,12:05:17,33.8750,78.5625,75.3750,21.0000,36.9375,8.6250
09.10.2021,12:05:52,33.8750,78.6250,75.3750,21.0000,36.9375,8.5000
09.10.2021,12:06:27,33.8750,78.6250,75.3750,21.0000,36.9375,8.3750
09.10.2021,12:07:02,33.8750,78.6250,75.3750,21.0625,36.9375,8.3750
09.10.2021,12:07:37,33.8750,78.6250,75.3750,21.0000,36.9375,8.3750
09.10.2021,12:08:12,33.8750,78.6250,75.4375,21.0000,36.9375,8.5000
09.10.2021,12:08:47,33.8750,78.6875,75.4375,21.0625,37.0000,8.5000
09.10.2021,12:09:22,33.8750,78.6875,75.3750,21.0000,36.9375,8.5000
09.10.2021,12:09:57,33.8750,78.6875,75.4375,21.0000,37.0000,8.7500
09.10.2021,12:10:31,33.8750,78.7500,75.4375,21.0000,36.9375,8.6250
09.10.2021,12:11:06,33.9375,78.7500,75.5000,21.0000,37.0000,8.6250
09.10.2021,12:11:41,33.8750,78.7500,75.5000,21.0000,37.0000,8.6250
09.10.2021,12:12:16,33.8750,78.8125,75.5000,21.0625,37.0000,8.6250
09.10.2021,12:12:51,33.8750,78.8125,75.5000,21.0000,37.0000,8.6250
09.10.2021,12:13:26,33.8750,78.8750,75.5000,21.0000,37.0625,8.7500
09.10.2021,12:14:01,33.8750,78.8750,75.5000,21.0000,37.0625,8.8750
09.10.2021,12:14:36,33.8750,78.8750,75.5000,21.0000,37.0625,8.8750
09.10.2021,12:15:11,33.8750,78.8750,75.5000,21.0000,37.0625,8.7500
09.10.2021,12:15:45,33.8750,78.8750,75.5000,21.0000,37.0625,8.6250
09.10.2021,12:16:20,33.8750,78.9375,75.5625,21.0625,37.0625,8.6250
09.10.2021,12:16:55,33.8750,78.9375,75.6250,21.0000,37.0625,8.8750
09.10.2021,12:17:30,33.8750,79.0000,75.6250,21.0625,37.0000,8.8750
09.10.2021,12:18:05,33.8750,79.0000,75.6875,21.0625,37.0625,9.0000
09.10.2021,12:18:40,33.9375,79.0000,75.6875,21.0625,37.0000,9.0000
09.10.2021,12:19:15,33.9375,79.0000,75.6875,21.0625,37.0000,9.0000
09.10.2021,12:19:50,33.9375,79.0000,75.6875,21.0625,37.0000,8.8750
09.10.2021,12:20:25,33.9375,78.9375,75.6875,21.0625,37.0625,8.8750
09.10.2021,12:20:59,33.9375,79.0000,75.6875,21.0625,37.0625,8.8750
09.10.2021,12:21:34,33.9375,79.0000,75.6875,21.0625,37.0625,8.7500
09.10.2021,12:22:09,33.9375,79.0000,75.6875,21.0625,37.0625,8.7500
09.10.2021,12:22:44,33.9375,79.0000,75.6875,21.0625,37.0625,8.8750
09.10.2021,12:23:19,33.9375,79.0000,75.7500,21.0625,37.0625,8.8750
09.10.2021,12:23:54,33.9375,79.0000,75.7500,21.0625,37.0625,8.8750
09.10.2021,12:24:29,33.9375,79.0625,75.7500,21.0625,37.0625,8.8750
09.10.2021,12:25:04,33.9375,79.0625,75.8125,21.0625,37.0625,8.8750
09.10.2021,12:25:39,33.9375,79.0625,75.8125,21.0625,37.0625,8.8750
09.10.2021,12:26:13,33.9375,79.0625,75.8125,21.0625,37.0625,9.2500
09.10.2021,12:26:48,33.9375,79.1250,75.8125,21.0625,37.0625,9.2500
09.10.2021,12:27:23,33.9375,79.0625,75.7500,21.0625,37.0625,9.2500
09.10.2021,12:27:58,33.9375,79.1250,75.7500,21.0625,37.1250,9.1250
09.10.2021,12:28:33,33.9375,79.1250,75.7500,21.1250,37.0625,9.0000
09.10.2021,12:29:08,33.9375,79.1250,75.7500,21.1250,37.0625,9.1250
09.10.2021,12:29:43,33.9375,79.1250,75.7500,21.1250,37.0625,9.1250
09.10.2021,12:30:18,33.9375,79.1250,75.8125,21.1250,37.0625,9.1250
09.10.2021,12:30:53,33.9375,79.1250,75.7500,21.0625,37.0625,9.0000
09.10.2021,12:31:27,33.9375,79.1250,75.8125,21.1250,37.0625,8.8750
09.10.2021,12:32:02,33.9375,79.1250,75.8125,21.0625,37.0625,9.0000
09.10.2021,12:32:37,33.9375,79.1875,75.8125,21.0625,37.0625,9.1250
09.10.2021,12:33:12,34.0000,79.1250,75.8125,21.0625,37.0625,9.1250
09.10.2021,12:33:47,34.0000,79.1250,75.8125,21.0625,37.0625,9.0000
09.10.2021,12:34:22,34.0000,79.1250,75.8125,21.1250,37.1250,9.2500
09.10.2021,12:34:57,34.0000,79.1250,75.8125,21.1250,37.1250,9.3750
09.10.2021,12:35:32,34.0000,79.1250,75.7500,21.1250,37.1250,9.3750
09.10.2021,12:36:07,34.0000,79.1250,75.6875,21.1250,37.1875,9.3750
09.10.2021,12:36:41,34.0000,79.1875,75.7500,21.0625,37.1875,9.3750
09.10.2021,12:37:16,34.0000,79.1875,75.7500,21.0625,37.1875,9.5000
09.10.2021,12:37:51,34.0000,79.1875,75.7500,21.0625,37.1250,9.6250
09.10.2021,12:38:26,34.0000,79.1875,75.7500,21.0625,37.1250,9.5000
09.10.2021,12:39:01,34.0000,79.1875,75.7500,21.0625,37.1250,9.3750
09.10.2021,12:39:36,34.0000,79.2500,75.8125,21.0625,37.1250,9.2500
09.10.2021,12:40:11,34.0000,79.2500,75.8750,21.0625,37.1250,9.2500
09.10.2021,12:40:46,34.0000,79.2500,75.8750,21.0625,37.1250,9.1250
09.10.2021,12:41:21,34.0000,79.2500,75.8750,21.0625,37.1250,9.3750
09.10.2021,12:41:55,34.0000,79.2500,75.8750,21.1250,37.1250,9.2500
09.10.2021,12:42:30,34.0000,79.2500,75.8125,21.1250,37.1875,9.2500
09.10.2021,12:43:05,34.0000,79.1875,75.8125,21.1250,37.1875,9.5000
09.10.2021,12:43:40,34.0000,79.1875,75.8125,21.1250,37.1875,9.6250
09.10.2021,12:44:15,34.0000,79.1875,75.8125,21.0625,37.1875,9.6250
09.10.2021,12:44:50,34.0000,79.1875,75.8750,21.0625,37.1875,9.5000
09.10.2021,12:45:25,34.0000,79.2500,75.8750,21.0625,37.1250,9.5000
09.10.2021,12:46:00,34.0000,79.2500,75.8750,21.0625,37.1875,9.3750
09.10.2021,12:46:35,34.0000,79.2500,75.8750,21.0625,37.1875,9.3750
09.10.2021,12:47:09,34.0000,79.2500,75.8750,21.1250,37.1875,9.5000
09.10.2021,12:47:44,34.0000,79.1875,75.8750,21.1250,37.1875,9.5000
09.10.2021,12:48:19,34.0625,79.1875,75.8750,21.1250,37.1875,9.5000
09.10.2021,12:48:54,34.0625,79.1875,75.8750,21.1250,37.1875,9.5000
09.10.2021,12:49:29,34.0625,79.1875,75.8750,21.1250,37.1875,9.3750
09.10.2021,12:50:04,34.0625,79.1875,75.8125,21.1250,37.1875,9.6250
09.10.2021,12:50:39,34.0625,79.1250,75.8125,21.1250,37.1875,9.5000
09.10.2021,12:51:14,34.0625,79.1250,75.8125,21.1250,37.1875,9.7500
09.10.2021,12:51:49,34.0625,79.1250,75.8125,21.1250,37.1875,9.7500
09.10.2021,12:52:24,34.0625,79.1250,75.7500,21.1250,37.1875,9.7500
09.10.2021,12:52:58,34.0625,79.1250,75.8125,21.1250,37.1875,9.5000
09.10.2021,12:53:33,34.0625,79.0625,75.7500,21.1250,37.1875,9.7500
09.10.2021,12:54:08,34.0625,79.0625,75.7500,21.1875,37.1875,9.7500
09.10.2021,12:54:43,34.0625,79.0625,75.7500,21.1250,37.1875,9.6250
09.10.2021,12:55:18,34.0625,79.0625,75.7500,21.1250,37.1875,9.6250
09.10.2021,12:55:53,34.0625,79.0625,75.7500,21.1250,37.1875,9.6250
09.10.2021,12:56:28,34.0625,79.0625,75.7500,21.1250,37.1875,9.6250
09.10.2021,12:57:03,34.0625,79.0625,75.7500,21.1250,37.1875,9.6250
09.10.2021,12:57:38,34.0625,79.0625,75.7500,21.1250,37.1875,9.5000
09.10.2021,12:58:12,34.0625,79.0625,75.7500,21.1250,37.1875,9.5000
09.10.2021,12:58:47,34.0625,79.0625,75.7500,21.1250,37.1875,9.6250
09.10.2021,12:59:22,34.0625,79.0625,75.7500,21.1250,37.1875,9.6250
09.10.2021,12:59:57,34.0625,79.0625,75.7500,21.1250,37.2500,9.5000
09.10.2021,13:00:32,34.0625,79.0625,75.7500,21.1250,37.2500,9.5000
09.10.2021,13:01:07,34.1250,79.0000,75.7500,21.1250,37.2500,9.5000
09.10.2021,13:01:42,34.0625,79.0000,75.7500,21.1250,37.2500,9.6250
09.10.2021,13:02:17,34.1250,79.0000,75.7500,21.1250,37.2500,9.5000
09.10.2021,13:02:52,34.0625,79.0000,75.7500,21.1250,37.2500,9.6250
09.10.2021,13:03:26,34.1250,79.0000,75.6875,21.1250,37.2500,9.7500
09.10.2021,13:04:01,34.0625,79.0000,75.6875,21.1250,37.2500,9.6250
09.10.2021,13:04:36,34.1250,79.0000,75.7500,21.1250,37.2500,9.5000
09.10.2021,13:05:11,34.1250,79.0000,75.7500,21.1250,37.2500,9.6250
09.10.2021,13:05:46,34.1250,79.0000,75.7500,21.1250,37.2500,9.7500
09.10.2021,13:06:21,34.1250,79.0000,75.6875,21.1250,37.2500,9.7500
09.10.2021,13:06:56,34.1250,79.0000,75.7500,21.1250,37.2500,9.6250
09.10.2021,13:07:31,34.1250,79.0000,75.7500,21.1250,37.2500,9.7500
09.10.2021,13:08:05,34.1250,79.0000,75.6875,21.1875,37.2500,9.7500
09.10.2021,13:08:40,34.1250,79.0000,75.6875,21.1250,37.2500,9.7500
09.10.2021,13:09:15,34.1250,78.9375,75.6875,21.1250,37.2500,9.7500
09.10.2021,13:09:50,34.1250,78.9375,75.6875,21.1875,37.2500,9.7500
09.10.2021,13:10:25,34.1250,78.9375,75.6875,21.1875,37.2500,9.7500
09.10.2021,13:11:00,34.1250,78.9375,75.6875,21.1875,37.2500,9.7500
09.10.2021,13:11:35,34.1250,78.8750,75.6875,21.1875,37.1875,9.6250
09.10.2021,13:12:10,34.1250,78.8750,75.6875,21.1250,37.1875,9.7500
09.10.2021,13:12:45,34.1250,78.8750,75.6250,21.1875,37.1875,9.7500
09.10.2021,13:13:19,34.1250,78.8750,75.6250,21.1875,37.2500,9.7500
09.10.2021,13:13:54,34.1250,78.8125,75.6250,21.1875,37.2500,9.6250
09.10.2021,13:14:29,34.1250,78.8125,75.5625,21.2500,37.2500,9.7500
09.10.2021,13:15:04,34.1250,78.8125,75.5625,21.2500,37.2500,9.7500
09.10.2021,13:15:39,34.1250,78.8125,75.5625,21.1875,37.2500,9.8750
09.10.2021,13:16:14,34.1250,78.8125,75.5000,21.2500,37.3125,9.7500
09.10.2021,13:16:49,34.1250,78.8125,75.5000,21.2500,37.2500,9.6250
09.10.2021,13:17:24,34.1250,78.8125,75.5000,21.2500,37.3125,9.6250
09.10.2021,13:17:59,34.1250,78.8125,75.5000,21.2500,37.3125,9.6250
09.10.2021,13:18:34,34.1250,78.8125,75.5000,21.1875,37.3125,9.7500
09.10.2021,13:19:08,34.1250,78.8125,75.5000,21.1875,37.3125,9.6250
09.10.2021,13:19:43,34.1250,78.8125,75.5000,21.1875,37.3125,9.5000
09.10.2021,13:20:18,34.1250,78.8125,75.5000,21.1875,37.3125,9.6250
09.10.2021,13:20:53,34.1250,78.8125,75.5000,21.2500,37.3125,9.6250
09.10.2021,13:21:28,34.1250,78.7500,75.5000,21.1875,37.3125,9.7500
09.10.2021,13:22:03,34.1250,78.7500,75.4375,21.2500,37.3125,9.8750
09.10.2021,13:22:38,34.1250,78.7500,75.4375,21.1875,37.3125,9.7500
09.10.2021,13:23:13,34.1250,78.7500,75.4375,21.2500,37.3125,9.7500
09.10.2021,13:23:48,34.1250,78.7500,75.4375,21.2500,37.3750,9.7500
09.10.2021,13:24:22,34.1250,78.7500,75.3750,21.2500,37.3125,9.6250
09.10.2021,13:24:57,34.1875,78.7500,75.3750,21.2500,37.3750,9.5000
09.10.2021,13:25:32,34.1250,78.7500,75.3750,21.2500,37.3750,9.6250
09.10.2021,13:26:07,34.1875,78.7500,75.3750,21.2500,37.3125,9.6250
09.10.2021,13:26:42,34.1250,78.6875,75.3750,21.2500,37.3125,9.6250
09.10.2021,13:27:17,34.1250,78.6875,75.3750,21.2500,37.3125,9.6250
09.10.2021,13:27:52,34.1250,78.6875,75.3750,21.2500,37.3125,9.5000
09.10.2021,13:28:27,34.1875,78.6875,75.3750,21.1875,37.3125,9.5000
09.10.2021,13:29:02,34.1875,78.6250,75.3750,21.2500,37.3125,9.5000
09.10.2021,13:29:36,34.1875,78.6250,75.3125,21.2500,37.3125,9.5000
09.10.2021,13:30:11,34.1875,78.6250,75.3125,21.1875,37.3125,9.5000
09.10.2021,13:30:46,34.1875,78.5625,75.3125,21.1875,37.3125,9.6250
09.10.2021,13:31:21,34.1875,78.5625,75.3125,21.2500,37.3125,9.5000
09.10.2021,13:31:56,34.1875,78.5625,75.2500,21.1875,37.3125,9.5000
09.10.2021,13:32:31,34.1875,78.5000,75.2500,21.2500,37.3125,9.3750
